kotlin version: 2.0.0
error message: org.jetbrains.kotlin.backend.common.BackendException: Backend Internal error: Exception during IR lowering
File being compiled: /home/don/AndroidStudioProjects/Preface/common-domain/src/main/java/ke/don/shared_domain/shared_components/composables/Composables.kt
The root cause java.lang.RuntimeException was thrown at: org.jetbrains.kotlin.backend.jvm.codegen.FunctionCodegen.generate(FunctionCodegen.kt:50)
	at org.jetbrains.kotlin.backend.common.CodegenUtil.reportBackendException(CodegenUtil.kt:253)
	at org.jetbrains.kotlin.backend.common.CodegenUtil.reportBackendException$default(CodegenUtil.kt:236)
	at org.jetbrains.kotlin.backend.common.phaser.PerformByIrFilePhase.invokeSequential(performByIrFile.kt:65)
	at org.jetbrains.kotlin.backend.common.phaser.PerformByIrFilePhase.invoke(performByIrFile.kt:52)
	at org.jetbrains.kotlin.backend.common.phaser.PerformByIrFilePhase.invoke(performByIrFile.kt:38)
	at org.jetbrains.kotlin.backend.common.phaser.NamedCompilerPhase.phaseBody(CompilerPhase.kt:166)
	at org.jetbrains.kotlin.backend.common.phaser.AbstractNamedCompilerPhase.invoke(CompilerPhase.kt:113)
	at org.jetbrains.kotlin.backend.common.phaser.CompositePhase.invoke(PhaseBuilders.kt:29)
	at org.jetbrains.kotlin.backend.common.phaser.CompositePhase.invoke(PhaseBuilders.kt:16)
	at org.jetbrains.kotlin.backend.common.phaser.NamedCompilerPhase.phaseBody(CompilerPhase.kt:166)
	at org.jetbrains.kotlin.backend.common.phaser.AbstractNamedCompilerPhase.invoke(CompilerPhase.kt:113)
	at org.jetbrains.kotlin.backend.common.phaser.CompilerPhaseKt.invokeToplevel(CompilerPhase.kt:62)
	at org.jetbrains.kotlin.backend.jvm.JvmIrCodegenFactory.invokeCodegen(JvmIrCodegenFactory.kt:371)
	at org.jetbrains.kotlin.codegen.CodegenFactory.generateModule(CodegenFactory.kt:47)
	at org.jetbrains.kotlin.backend.jvm.JvmIrCodegenFactory.generateModuleInFrontendIRMode(JvmIrCodegenFactory.kt:433)
	at org.jetbrains.kotlin.cli.jvm.compiler.pipeline.JvmCompilerPipelineKt.generateCodeFromIr(jvmCompilerPipeline.kt:241)
	at org.jetbrains.kotlin.cli.jvm.compiler.pipeline.JvmCompilerPipelineKt.compileModulesUsingFrontendIrAndLightTree(jvmCompilerPipeline.kt:140)
	at org.jetbrains.kotlin.cli.jvm.K2JVMCompiler.doExecute(K2JVMCompiler.kt:155)
	at org.jetbrains.kotlin.cli.jvm.K2JVMCompiler.doExecute(K2JVMCompiler.kt:50)
	at org.jetbrains.kotlin.cli.common.CLICompiler.execImpl(CLICompiler.kt:104)
	at org.jetbrains.kotlin.cli.common.CLICompiler.execImpl(CLICompiler.kt:48)
	at org.jetbrains.kotlin.cli.common.CLITool.exec(CLITool.kt:101)
	at org.jetbrains.kotlin.incremental.IncrementalJvmCompilerRunner.runCompiler(IncrementalJvmCompilerRunner.kt:453)
	at org.jetbrains.kotlin.incremental.IncrementalJvmCompilerRunner.runCompiler(IncrementalJvmCompilerRunner.kt:62)
	at org.jetbrains.kotlin.incremental.IncrementalCompilerRunner.doCompile(IncrementalCompilerRunner.kt:506)
	at org.jetbrains.kotlin.incremental.IncrementalCompilerRunner.compileImpl(IncrementalCompilerRunner.kt:423)
	at org.jetbrains.kotlin.incremental.IncrementalCompilerRunner.tryCompileIncrementally$lambda$9$compile(IncrementalCompilerRunner.kt:249)
	at org.jetbrains.kotlin.incremental.IncrementalCompilerRunner.tryCompileIncrementally(IncrementalCompilerRunner.kt:267)
	at org.jetbrains.kotlin.incremental.IncrementalCompilerRunner.compile(IncrementalCompilerRunner.kt:120)
	at org.jetbrains.kotlin.daemon.CompileServiceImplBase.execIncrementalCompiler(CompileServiceImpl.kt:676)
	at org.jetbrains.kotlin.daemon.CompileServiceImplBase.access$execIncrementalCompiler(CompileServiceImpl.kt:92)
	at org.jetbrains.kotlin.daemon.CompileServiceImpl.compile(CompileServiceImpl.kt:1661)
	at java.base/jdk.internal.reflect.DirectMethodHandleAccessor.invoke(Unknown Source)
	at java.base/java.lang.reflect.Method.invoke(Unknown Source)
	at java.rmi/sun.rmi.server.UnicastServerRef.dispatch(Unknown Source)
	at java.rmi/sun.rmi.transport.Transport$1.run(Unknown Source)
	at java.rmi/sun.rmi.transport.Transport$1.run(Unknown Source)
	at java.base/java.security.AccessController.doPrivileged(Unknown Source)
	at java.rmi/sun.rmi.transport.Transport.serviceCall(Unknown Source)
	at java.rmi/sun.rmi.transport.tcp.TCPTransport.handleMessages(Unknown Source)
	at java.rmi/sun.rmi.transport.tcp.TCPTransport$ConnectionHandler.run0(Unknown Source)
	at java.rmi/sun.rmi.transport.tcp.TCPTransport$ConnectionHandler.lambda$run$0(Unknown Source)
	at java.base/java.security.AccessController.doPrivileged(Unknown Source)
	at java.rmi/sun.rmi.transport.tcp.TCPTransport$ConnectionHandler.run(Unknown Source)
	at java.base/java.util.concurrent.ThreadPoolExecutor.runWorker(Unknown Source)
	at java.base/java.util.concurrent.ThreadPoolExecutor$Worker.run(Unknown Source)
	at java.base/java.lang.Thread.run(Unknown Source)
Caused by: java.lang.RuntimeException: Exception while generating code for:
FUN name:SinkingBox-UuyPYSY visibility:public modality:FINAL <> (onClick:kotlin.Function0<kotlin.Unit>, modifier:androidx.compose.ui.Modifier, idleElevation:androidx.compose.ui.unit.Dp, pressedElevation:androidx.compose.ui.unit.Dp, idleScale:kotlin.Float, pressedScale:kotlin.Float, content:@[Composable] kotlin.Function0<kotlin.Unit>) returnType:kotlin.Unit
  annotations:
    Composable
  VALUE_PARAMETER name:onClick index:0 type:kotlin.Function0<kotlin.Unit>
  VALUE_PARAMETER name:modifier index:1 type:androidx.compose.ui.Modifier
    EXPRESSION_BODY
      ERROR_EXPR 'Default Stub' type=androidx.compose.ui.Modifier
  VALUE_PARAMETER name:idleElevation index:2 type:androidx.compose.ui.unit.Dp
    EXPRESSION_BODY
      ERROR_EXPR 'Default Stub' type=androidx.compose.ui.unit.Dp
  VALUE_PARAMETER name:pressedElevation index:3 type:androidx.compose.ui.unit.Dp
    EXPRESSION_BODY
      ERROR_EXPR 'Default Stub' type=androidx.compose.ui.unit.Dp
  VALUE_PARAMETER name:idleScale index:4 type:kotlin.Float
    EXPRESSION_BODY
      ERROR_EXPR 'Default Stub' type=kotlin.Float
  VALUE_PARAMETER name:pressedScale index:5 type:kotlin.Float
    EXPRESSION_BODY
      ERROR_EXPR 'Default Stub' type=kotlin.Float
  VALUE_PARAMETER name:content index:6 type:@[Composable] kotlin.Function0<kotlin.Unit>
  BLOCK_BODY
    VAR name:interactionSource type:androidx.compose.foundation.interaction.MutableInteractionSource [val]
      CALL 'public final fun remember <T> (calculation: @[DisallowComposableCalls] kotlin.Function0<T of androidx.compose.runtime.ComposablesKt.remember>): T of androidx.compose.runtime.ComposablesKt.remember [inline] declared in androidx.compose.runtime.ComposablesKt' type=androidx.compose.foundation.interaction.MutableInteractionSource origin=null
        <T>: androidx.compose.foundation.interaction.MutableInteractionSource
        calculation: BLOCK type=kotlin.Function0<androidx.compose.foundation.interaction.MutableInteractionSource> origin=LAMBDA
          COMPOSITE type=kotlin.Unit origin=null
          FUNCTION_REFERENCE 'private final fun SinkingBox_UuyPYSY$lambda$0 (): androidx.compose.foundation.interaction.MutableInteractionSource declared in ke.don.shared_domain.shared_components.composables.ComposablesKt' type=kotlin.Function0<androidx.compose.foundation.interaction.MutableInteractionSource> origin=INLINE_LAMBDA reflectionTarget=null
    VAR PROPERTY_DELEGATE name:isPressed$delegate type:androidx.compose.runtime.State<kotlin.Boolean> [val]
      CALL 'public final fun collectIsPressedAsState (): androidx.compose.runtime.State<kotlin.Boolean> declared in androidx.compose.foundation.interaction.PressInteractionKt' type=androidx.compose.runtime.State<kotlin.Boolean> origin=null
        $receiver: GET_VAR 'val interactionSource: androidx.compose.foundation.interaction.MutableInteractionSource [val] declared in ke.don.shared_domain.shared_components.composables.ComposablesKt.SinkingBox-UuyPYSY' type=androidx.compose.foundation.interaction.MutableInteractionSource origin=null
    VAR PROPERTY_DELEGATE name:elevation$delegate type:androidx.compose.runtime.State<androidx.compose.ui.unit.Dp> [val]
      CALL 'public final fun animateDpAsState-MaCcOwU$default (targetValue: androidx.compose.ui.unit.Dp, animationSpec: androidx.compose.animation.core.AnimationSpec<androidx.compose.ui.unit.Dp>?, label: kotlin.String?, finishedListener: kotlin.Function1<androidx.compose.ui.unit.Dp, kotlin.Unit>?, $mask0: kotlin.Int, $handler: kotlin.Any?): androidx.compose.runtime.State<androidx.compose.ui.unit.Dp> declared in androidx.compose.animation.core.AnimateAsStateKt' type=androidx.compose.runtime.State<androidx.compose.ui.unit.Dp> origin=DEFAULT_DISPATCH_CALL
        targetValue: WHEN type=androidx.compose.ui.unit.Dp origin=IF
          BRANCH
            if: CALL 'private final fun SinkingBox_UuyPYSY$lambda$1 ($isPressed$delegate: androidx.compose.runtime.State<kotlin.Boolean>): kotlin.Boolean declared in ke.don.shared_domain.shared_components.composables.ComposablesKt' type=kotlin.Boolean origin=GET_LOCAL_PROPERTY
              $isPressed$delegate: GET_VAR 'val isPressed$delegate: androidx.compose.runtime.State<kotlin.Boolean> [val] declared in ke.don.shared_domain.shared_components.composables.ComposablesKt.SinkingBox-UuyPYSY' type=androidx.compose.runtime.State<kotlin.Boolean> origin=null
            then: GET_VAR 'pressedElevation: androidx.compose.ui.unit.Dp declared in ke.don.shared_domain.shared_components.composables.ComposablesKt.SinkingBox-UuyPYSY' type=androidx.compose.ui.unit.Dp origin=null
          BRANCH
            if: CONST Boolean type=kotlin.Boolean value=true
            then: GET_VAR 'idleElevation: androidx.compose.ui.unit.Dp declared in ke.don.shared_domain.shared_components.composables.ComposablesKt.SinkingBox-UuyPYSY' type=androidx.compose.ui.unit.Dp origin=null
        animationSpec: COMPOSITE type=androidx.compose.animation.core.AnimationSpec<androidx.compose.ui.unit.Dp>? origin=DEFAULT_VALUE
          CONST Null type=androidx.compose.animation.core.AnimationSpec<androidx.compose.ui.unit.Dp>? value=null
        label: CONST String type=kotlin.String value="elevation"
        finishedListener: COMPOSITE type=kotlin.Function1<androidx.compose.ui.unit.Dp, kotlin.Unit>? origin=DEFAULT_VALUE
          CONST Null type=kotlin.Function1<androidx.compose.ui.unit.Dp, kotlin.Unit>? value=null
        $mask0: CONST Int type=kotlin.Int value=10
        $handler: CONST Null type=kotlin.Any? value=null
    VAR PROPERTY_DELEGATE name:scale$delegate type:androidx.compose.runtime.State<kotlin.Float> [val]
      CALL 'public final fun animateFloatAsState$default (targetValue: kotlin.Float, animationSpec: androidx.compose.animation.core.AnimationSpec<kotlin.Float>?, visibilityThreshold: kotlin.Float, label: kotlin.String?, finishedListener: kotlin.Function1<kotlin.Float, kotlin.Unit>?, $mask0: kotlin.Int, $handler: kotlin.Any?): androidx.compose.runtime.State<kotlin.Float> declared in androidx.compose.animation.core.AnimateAsStateKt' type=androidx.compose.runtime.State<kotlin.Float> origin=DEFAULT_DISPATCH_CALL
        targetValue: WHEN type=kotlin.Float origin=IF
          BRANCH
            if: CALL 'private final fun SinkingBox_UuyPYSY$lambda$1 ($isPressed$delegate: androidx.compose.runtime.State<kotlin.Boolean>): kotlin.Boolean declared in ke.don.shared_domain.shared_components.composables.ComposablesKt' type=kotlin.Boolean origin=GET_LOCAL_PROPERTY
              $isPressed$delegate: GET_VAR 'val isPressed$delegate: androidx.compose.runtime.State<kotlin.Boolean> [val] declared in ke.don.shared_domain.shared_components.composables.ComposablesKt.SinkingBox-UuyPYSY' type=androidx.compose.runtime.State<kotlin.Boolean> origin=null
            then: GET_VAR 'pressedScale: kotlin.Float declared in ke.don.shared_domain.shared_components.composables.ComposablesKt.SinkingBox-UuyPYSY' type=kotlin.Float origin=null
          BRANCH
            if: CONST Boolean type=kotlin.Boolean value=true
            then: GET_VAR 'idleScale: kotlin.Float declared in ke.don.shared_domain.shared_components.composables.ComposablesKt.SinkingBox-UuyPYSY' type=kotlin.Float origin=null
        animationSpec: COMPOSITE type=androidx.compose.animation.core.AnimationSpec<kotlin.Float>? origin=DEFAULT_VALUE
          CONST Null type=androidx.compose.animation.core.AnimationSpec<kotlin.Float>? value=null
        visibilityThreshold: COMPOSITE type=kotlin.Float origin=DEFAULT_VALUE
          CONST Float type=kotlin.Float value=0.0
        label: CONST String type=kotlin.String value="scale"
        finishedListener: COMPOSITE type=kotlin.Function1<kotlin.Float, kotlin.Unit>? origin=DEFAULT_VALUE
          CONST Null type=kotlin.Function1<kotlin.Float, kotlin.Unit>? value=null
        $mask0: CONST Int type=kotlin.Int value=22
        $handler: CONST Null type=kotlin.Any? value=null
    CALL 'public final fun Box$default (modifier: androidx.compose.ui.Modifier?, contentAlignment: androidx.compose.ui.Alignment?, propagateMinConstraints: kotlin.Boolean, content: @[Composable] @[ExtensionFunctionType] kotlin.Function1<androidx.compose.foundation.layout.BoxScope, kotlin.Unit>, $mask0: kotlin.Int, $handler: kotlin.Any?): kotlin.Unit [inline] declared in androidx.compose.foundation.layout.BoxKt' type=kotlin.Unit origin=DEFAULT_DISPATCH_CALL
      modifier: CALL 'public final fun clickable-O2vRcR0$default (interactionSource: androidx.compose.foundation.interaction.MutableInteractionSource?, indication: androidx.compose.foundation.Indication?, enabled: kotlin.Boolean, onClickLabel: kotlin.String?, role: androidx.compose.ui.semantics.Role?, onClick: kotlin.Function0<kotlin.Unit>, $mask0: kotlin.Int, $handler: kotlin.Any?): androidx.compose.ui.Modifier declared in androidx.compose.foundation.ClickableKt' type=androidx.compose.ui.Modifier origin=DEFAULT_DISPATCH_CALL
        $receiver: CALL 'public final fun scale (scale: kotlin.Float): androidx.compose.ui.Modifier declared in androidx.compose.ui.draw.ScaleKt' type=androidx.compose.ui.Modifier origin=null
          $receiver: CALL 'public final fun shadow-s4CzXII$default (elevation: androidx.compose.ui.unit.Dp, shape: androidx.compose.ui.graphics.Shape?, clip: kotlin.Boolean, ambientColor: androidx.compose.ui.graphics.Color, spotColor: androidx.compose.ui.graphics.Color, $mask0: kotlin.Int, $handler: kotlin.Any?): androidx.compose.ui.Modifier declared in androidx.compose.ui.draw.ShadowKt' type=androidx.compose.ui.Modifier origin=DEFAULT_DISPATCH_CALL
            $receiver: GET_VAR 'modifier: androidx.compose.ui.Modifier declared in ke.don.shared_domain.shared_components.composables.ComposablesKt.SinkingBox-UuyPYSY' type=androidx.compose.ui.Modifier origin=null
            elevation: CALL 'private final fun SinkingBox_UuyPYSY$lambda$2 ($elevation$delegate: androidx.compose.runtime.State<androidx.compose.ui.unit.Dp>): androidx.compose.ui.unit.Dp declared in ke.don.shared_domain.shared_components.composables.ComposablesKt' type=androidx.compose.ui.unit.Dp origin=GET_LOCAL_PROPERTY
              $elevation$delegate: GET_VAR 'val elevation$delegate: androidx.compose.runtime.State<androidx.compose.ui.unit.Dp> [val] declared in ke.don.shared_domain.shared_components.composables.ComposablesKt.SinkingBox-UuyPYSY' type=androidx.compose.runtime.State<androidx.compose.ui.unit.Dp> origin=null
            shape: COMPOSITE type=androidx.compose.ui.graphics.Shape? origin=DEFAULT_VALUE
              CONST Null type=androidx.compose.ui.graphics.Shape? value=null
            clip: COMPOSITE type=kotlin.Boolean origin=DEFAULT_VALUE
              CONST Boolean type=kotlin.Boolean value=false
            ambientColor: COMPOSITE type=androidx.compose.ui.graphics.Color origin=DEFAULT_VALUE
              CALL 'public final fun <unsafe-coerce> <T, R> (v: T of kotlin.jvm.internal.<unsafe-coerce>): R of kotlin.jvm.internal.<unsafe-coerce> declared in kotlin.jvm.internal' type=androidx.compose.ui.graphics.Color origin=null
                <T>: kotlin.Long
                <R>: androidx.compose.ui.graphics.Color
                v: CONST Long type=kotlin.Long value=0
            spotColor: COMPOSITE type=androidx.compose.ui.graphics.Color origin=DEFAULT_VALUE
              CALL 'public final fun <unsafe-coerce> <T, R> (v: T of kotlin.jvm.internal.<unsafe-coerce>): R of kotlin.jvm.internal.<unsafe-coerce> declared in kotlin.jvm.internal' type=androidx.compose.ui.graphics.Color origin=null
                <T>: kotlin.Long
                <R>: androidx.compose.ui.graphics.Color
                v: CONST Long type=kotlin.Long value=0
            $mask0: CONST Int type=kotlin.Int value=30
            $handler: CONST Null type=kotlin.Any? value=null
          scale: CALL 'private final fun SinkingBox_UuyPYSY$lambda$3 ($scale$delegate: androidx.compose.runtime.State<kotlin.Float>): kotlin.Float declared in ke.don.shared_domain.shared_components.composables.ComposablesKt' type=kotlin.Float origin=GET_LOCAL_PROPERTY
            $scale$delegate: GET_VAR 'val scale$delegate: androidx.compose.runtime.State<kotlin.Float> [val] declared in ke.don.shared_domain.shared_components.composables.ComposablesKt.SinkingBox-UuyPYSY' type=androidx.compose.runtime.State<kotlin.Float> origin=null
        interactionSource: GET_VAR 'val interactionSource: androidx.compose.foundation.interaction.MutableInteractionSource [val] declared in ke.don.shared_domain.shared_components.composables.ComposablesKt.SinkingBox-UuyPYSY' type=androidx.compose.foundation.interaction.MutableInteractionSource origin=null
        indication: CONST Null type=kotlin.Nothing? value=null
        enabled: COMPOSITE type=kotlin.Boolean origin=DEFAULT_VALUE
          CONST Boolean type=kotlin.Boolean value=false
        onClickLabel: COMPOSITE type=kotlin.String? origin=DEFAULT_VALUE
          CONST Null type=kotlin.String? value=null
        role: COMPOSITE type=androidx.compose.ui.semantics.Role? origin=DEFAULT_VALUE
          CONST Null type=androidx.compose.ui.semantics.Role? value=null
        onClick: GET_VAR 'onClick: kotlin.Function0<kotlin.Unit> declared in ke.don.shared_domain.shared_components.composables.ComposablesKt.SinkingBox-UuyPYSY' type=kotlin.Function0<kotlin.Unit> origin=null
        $mask0: CONST Int type=kotlin.Int value=28
        $handler: CONST Null type=kotlin.Any? value=null
      contentAlignment: COMPOSITE type=androidx.compose.ui.Alignment? origin=DEFAULT_VALUE
        CONST Null type=androidx.compose.ui.Alignment? value=null
      propagateMinConstraints: COMPOSITE type=kotlin.Boolean origin=DEFAULT_VALUE
        CONST Boolean type=kotlin.Boolean value=false
      content: BLOCK type=@[ExtensionFunctionType] kotlin.Function1<androidx.compose.foundation.layout.BoxScope, kotlin.Unit> origin=LAMBDA
        COMPOSITE type=kotlin.Unit origin=null
        FUNCTION_REFERENCE 'private final fun SinkingBox_UuyPYSY$lambda$4 ($content: @[Composable] kotlin.Function0<kotlin.Unit>): kotlin.Unit declared in ke.don.shared_domain.shared_components.composables.ComposablesKt' type=@[ExtensionFunctionType] kotlin.Function1<androidx.compose.foundation.layout.BoxScope, kotlin.Unit> origin=INLINE_LAMBDA reflectionTarget=null
          $content: GET_VAR 'content: @[Composable] kotlin.Function0<kotlin.Unit> declared in ke.don.shared_domain.shared_components.composables.ComposablesKt.SinkingBox-UuyPYSY' type=@[Composable] kotlin.Function0<kotlin.Unit> origin=null
      $mask0: CONST Int type=kotlin.Int value=6
      $handler: CONST Null type=kotlin.Any? value=null

	at org.jetbrains.kotlin.backend.jvm.codegen.FunctionCodegen.generate(FunctionCodegen.kt:50)
	at org.jetbrains.kotlin.backend.jvm.codegen.FunctionCodegen.generate$default(FunctionCodegen.kt:42)
	at org.jetbrains.kotlin.backend.jvm.codegen.ClassCodegen.generateMethodNode(ClassCodegen.kt:385)
	at org.jetbrains.kotlin.backend.jvm.codegen.ClassCodegen.generateMethod(ClassCodegen.kt:402)
	at org.jetbrains.kotlin.backend.jvm.codegen.ClassCodegen.generate(ClassCodegen.kt:169)
	at org.jetbrains.kotlin.backend.jvm.FileCodegen.lower(JvmPhases.kt:41)
	at org.jetbrains.kotlin.backend.common.phaser.PhaseBuildersKt.makeIrFilePhase$lambda$5(PhaseBuilders.kt:114)
	at org.jetbrains.kotlin.backend.common.phaser.PhaseBuildersKt$createSimpleNamedCompilerPhase$1.phaseBody(PhaseBuilders.kt:71)
	at org.jetbrains.kotlin.backend.common.phaser.SimpleNamedCompilerPhase.phaseBody(CompilerPhase.kt:226)
	at org.jetbrains.kotlin.backend.common.phaser.AbstractNamedCompilerPhase.invoke(CompilerPhase.kt:113)
	at org.jetbrains.kotlin.backend.common.phaser.PerformByIrFilePhase.invokeSequential(performByIrFile.kt:62)
	... 44 more
Caused by: org.jetbrains.kotlin.codegen.CompilationException: Back-end (JVM) Internal error: Couldn't inline method call: CALL 'public final fun remember <T> (calculation: @[DisallowComposableCalls] kotlin.Function0<T of androidx.compose.runtime.ComposablesKt.remember>): T of androidx.compose.runtime.ComposablesKt.remember [inline] declared in androidx.compose.runtime.ComposablesKt' type=androidx.compose.foundation.interaction.MutableInteractionSource origin=null
Method: null
File is unknown
The root cause java.lang.IllegalStateException was thrown at: org.jetbrains.kotlin.codegen.inline.SourceCompilerForInlineKt.getMethodNode(SourceCompilerForInline.kt:118)
	at org.jetbrains.kotlin.codegen.inline.InlineCodegen.performInline(InlineCodegen.kt:65)
	at org.jetbrains.kotlin.backend.jvm.codegen.IrInlineCodegen.genInlineCall(IrInlineCodegen.kt:162)
	at org.jetbrains.kotlin.backend.jvm.codegen.IrInlineCallGenerator.genCall(IrInlineCallGenerator.kt:36)
	at org.jetbrains.kotlin.backend.jvm.codegen.ExpressionCodegen.visitCall(ExpressionCodegen.kt:647)
	at org.jetbrains.kotlin.backend.jvm.codegen.ExpressionCodegen.visitCall(ExpressionCodegen.kt:137)
	at org.jetbrains.kotlin.ir.expressions.IrCall.accept(IrCall.kt:24)
	at org.jetbrains.kotlin.backend.jvm.codegen.ExpressionCodegen.visitVariable(ExpressionCodegen.kt:784)
	at org.jetbrains.kotlin.backend.jvm.codegen.ExpressionCodegen.visitVariable(ExpressionCodegen.kt:137)
	at org.jetbrains.kotlin.ir.declarations.IrVariable.accept(IrVariable.kt:36)
	at org.jetbrains.kotlin.backend.jvm.codegen.ExpressionCodegen.visitStatementContainer(ExpressionCodegen.kt:573)
	at org.jetbrains.kotlin.backend.jvm.codegen.ExpressionCodegen.visitBlockBody(ExpressionCodegen.kt:578)
	at org.jetbrains.kotlin.backend.jvm.codegen.ExpressionCodegen.visitBlockBody(ExpressionCodegen.kt:137)
	at org.jetbrains.kotlin.ir.expressions.IrBlockBody.accept(IrBlockBody.kt:20)
	at org.jetbrains.kotlin.backend.jvm.codegen.ExpressionCodegen.generate(ExpressionCodegen.kt:239)
	at org.jetbrains.kotlin.backend.jvm.codegen.FunctionCodegen.doGenerate(FunctionCodegen.kt:121)
	at org.jetbrains.kotlin.backend.jvm.codegen.FunctionCodegen.generate(FunctionCodegen.kt:46)
	... 54 more
Caused by: java.lang.IllegalStateException: couldn't find inline method Landroidx/compose/runtime/ComposablesKt;.remember(Lkotlin/jvm/functions/Function0;)Ljava/lang/Object;
	at org.jetbrains.kotlin.codegen.inline.SourceCompilerForInlineKt.getMethodNode(SourceCompilerForInline.kt:118)
	at org.jetbrains.kotlin.codegen.inline.SourceCompilerForInlineKt.loadCompiledInlineFunction(SourceCompilerForInline.kt:96)
	at org.jetbrains.kotlin.backend.jvm.codegen.IrSourceCompilerForInline.compileInlineFunction(IrSourceCompilerForInline.kt:91)
	at org.jetbrains.kotlin.codegen.inline.InlineCodegen.compileInline(InlineCodegen.kt:43)
	at org.jetbrains.kotlin.codegen.inline.InlineCodegen.performInline(InlineCodegen.kt:51)
	... 69 more


