kotlin version: 2.0.0
error message: org.jetbrains.kotlin.backend.common.BackendException: Backend Internal error: Exception during IR lowering
File being compiled: /home/don/AndroidStudioProjects/Preface/common-domain/src/main/java/ke/don/shared_domain/modifier_extensions/ModifierExtensions.kt
The root cause java.lang.RuntimeException was thrown at: org.jetbrains.kotlin.backend.jvm.codegen.FunctionCodegen.generate(FunctionCodegen.kt:50)
	at org.jetbrains.kotlin.backend.common.CodegenUtil.reportBackendException(CodegenUtil.kt:253)
	at org.jetbrains.kotlin.backend.common.CodegenUtil.reportBackendException$default(CodegenUtil.kt:236)
	at org.jetbrains.kotlin.backend.common.phaser.PerformByIrFilePhase.invokeSequential(performByIrFile.kt:65)
	at org.jetbrains.kotlin.backend.common.phaser.PerformByIrFilePhase.invoke(performByIrFile.kt:52)
	at org.jetbrains.kotlin.backend.common.phaser.PerformByIrFilePhase.invoke(performByIrFile.kt:38)
	at org.jetbrains.kotlin.backend.common.phaser.NamedCompilerPhase.phaseBody(CompilerPhase.kt:166)
	at org.jetbrains.kotlin.backend.common.phaser.AbstractNamedCompilerPhase.invoke(CompilerPhase.kt:113)
	at org.jetbrains.kotlin.backend.common.phaser.CompositePhase.invoke(PhaseBuilders.kt:29)
	at org.jetbrains.kotlin.backend.common.phaser.CompositePhase.invoke(PhaseBuilders.kt:16)
	at org.jetbrains.kotlin.backend.common.phaser.NamedCompilerPhase.phaseBody(CompilerPhase.kt:166)
	at org.jetbrains.kotlin.backend.common.phaser.AbstractNamedCompilerPhase.invoke(CompilerPhase.kt:113)
	at org.jetbrains.kotlin.backend.common.phaser.CompilerPhaseKt.invokeToplevel(CompilerPhase.kt:62)
	at org.jetbrains.kotlin.backend.jvm.JvmIrCodegenFactory.invokeCodegen(JvmIrCodegenFactory.kt:371)
	at org.jetbrains.kotlin.codegen.CodegenFactory.generateModule(CodegenFactory.kt:47)
	at org.jetbrains.kotlin.backend.jvm.JvmIrCodegenFactory.generateModuleInFrontendIRMode(JvmIrCodegenFactory.kt:433)
	at org.jetbrains.kotlin.cli.jvm.compiler.pipeline.JvmCompilerPipelineKt.generateCodeFromIr(jvmCompilerPipeline.kt:241)
	at org.jetbrains.kotlin.cli.jvm.compiler.pipeline.JvmCompilerPipelineKt.compileModulesUsingFrontendIrAndLightTree(jvmCompilerPipeline.kt:140)
	at org.jetbrains.kotlin.cli.jvm.K2JVMCompiler.doExecute(K2JVMCompiler.kt:155)
	at org.jetbrains.kotlin.cli.jvm.K2JVMCompiler.doExecute(K2JVMCompiler.kt:50)
	at org.jetbrains.kotlin.cli.common.CLICompiler.execImpl(CLICompiler.kt:104)
	at org.jetbrains.kotlin.cli.common.CLICompiler.execImpl(CLICompiler.kt:48)
	at org.jetbrains.kotlin.cli.common.CLITool.exec(CLITool.kt:101)
	at org.jetbrains.kotlin.incremental.IncrementalJvmCompilerRunner.runCompiler(IncrementalJvmCompilerRunner.kt:453)
	at org.jetbrains.kotlin.incremental.IncrementalJvmCompilerRunner.runCompiler(IncrementalJvmCompilerRunner.kt:62)
	at org.jetbrains.kotlin.incremental.IncrementalCompilerRunner.doCompile(IncrementalCompilerRunner.kt:506)
	at org.jetbrains.kotlin.incremental.IncrementalCompilerRunner.compileImpl(IncrementalCompilerRunner.kt:423)
	at org.jetbrains.kotlin.incremental.IncrementalCompilerRunner.tryCompileIncrementally$lambda$9$compile(IncrementalCompilerRunner.kt:249)
	at org.jetbrains.kotlin.incremental.IncrementalCompilerRunner.tryCompileIncrementally(IncrementalCompilerRunner.kt:267)
	at org.jetbrains.kotlin.incremental.IncrementalCompilerRunner.compile(IncrementalCompilerRunner.kt:120)
	at org.jetbrains.kotlin.daemon.CompileServiceImplBase.execIncrementalCompiler(CompileServiceImpl.kt:676)
	at org.jetbrains.kotlin.daemon.CompileServiceImplBase.access$execIncrementalCompiler(CompileServiceImpl.kt:92)
	at org.jetbrains.kotlin.daemon.CompileServiceImpl.compile(CompileServiceImpl.kt:1661)
	at java.base/jdk.internal.reflect.DirectMethodHandleAccessor.invoke(Unknown Source)
	at java.base/java.lang.reflect.Method.invoke(Unknown Source)
	at java.rmi/sun.rmi.server.UnicastServerRef.dispatch(Unknown Source)
	at java.rmi/sun.rmi.transport.Transport$1.run(Unknown Source)
	at java.rmi/sun.rmi.transport.Transport$1.run(Unknown Source)
	at java.base/java.security.AccessController.doPrivileged(Unknown Source)
	at java.rmi/sun.rmi.transport.Transport.serviceCall(Unknown Source)
	at java.rmi/sun.rmi.transport.tcp.TCPTransport.handleMessages(Unknown Source)
	at java.rmi/sun.rmi.transport.tcp.TCPTransport$ConnectionHandler.run0(Unknown Source)
	at java.rmi/sun.rmi.transport.tcp.TCPTransport$ConnectionHandler.lambda$run$0(Unknown Source)
	at java.base/java.security.AccessController.doPrivileged(Unknown Source)
	at java.rmi/sun.rmi.transport.tcp.TCPTransport$ConnectionHandler.run(Unknown Source)
	at java.base/java.util.concurrent.ThreadPoolExecutor.runWorker(Unknown Source)
	at java.base/java.util.concurrent.ThreadPoolExecutor$Worker.run(Unknown Source)
	at java.base/java.lang.Thread.run(Unknown Source)
Caused by: java.lang.RuntimeException: Exception while generating code for:
FUN name:pressSink-TDGSqEk visibility:public modality:FINAL <> ($receiver:androidx.compose.ui.Modifier, enabled:kotlin.Boolean, sinkDepth:androidx.compose.ui.unit.Dp, scaleFactor:kotlin.Float, onClick:kotlin.Function0<kotlin.Unit>) returnType:androidx.compose.ui.Modifier
  annotations:
    Composable
  $receiver: VALUE_PARAMETER name:$this$pressSink type:androidx.compose.ui.Modifier
  VALUE_PARAMETER name:enabled index:0 type:kotlin.Boolean
    EXPRESSION_BODY
      ERROR_EXPR 'Default Stub' type=kotlin.Boolean
  VALUE_PARAMETER name:sinkDepth index:1 type:androidx.compose.ui.unit.Dp
    EXPRESSION_BODY
      ERROR_EXPR 'Default Stub' type=androidx.compose.ui.unit.Dp
  VALUE_PARAMETER name:scaleFactor index:2 type:kotlin.Float
    EXPRESSION_BODY
      ERROR_EXPR 'Default Stub' type=kotlin.Float
  VALUE_PARAMETER name:onClick index:3 type:kotlin.Function0<kotlin.Unit>
  BLOCK_BODY
    VAR PROPERTY_DELEGATE name:isPressed$delegate type:androidx.compose.runtime.MutableState<kotlin.Boolean> [val]
      CALL 'public final fun remember <T> (calculation: @[DisallowComposableCalls] kotlin.Function0<T of androidx.compose.runtime.ComposablesKt.remember>): T of androidx.compose.runtime.ComposablesKt.remember [inline] declared in androidx.compose.runtime.ComposablesKt' type=androidx.compose.runtime.MutableState<kotlin.Boolean> origin=null
        <T>: androidx.compose.runtime.MutableState<kotlin.Boolean>
        calculation: BLOCK type=kotlin.Function0<androidx.compose.runtime.MutableState<kotlin.Boolean>> origin=LAMBDA
          COMPOSITE type=kotlin.Unit origin=null
          FUNCTION_REFERENCE 'private final fun pressSink_TDGSqEk$lambda$0 (): androidx.compose.runtime.MutableState<kotlin.Boolean> declared in ke.don.shared_domain.modifier_extensions.ModifierExtensionsKt' type=kotlin.Function0<androidx.compose.runtime.MutableState<kotlin.Boolean>> origin=INLINE_LAMBDA reflectionTarget=null
    VAR PROPERTY_DELEGATE name:offset$delegate type:androidx.compose.runtime.State<androidx.compose.ui.unit.Dp> [val]
      CALL 'public final fun animateDpAsState-MaCcOwU$default (targetValue: androidx.compose.ui.unit.Dp, animationSpec: androidx.compose.animation.core.AnimationSpec<androidx.compose.ui.unit.Dp>?, label: kotlin.String?, finishedListener: kotlin.Function1<androidx.compose.ui.unit.Dp, kotlin.Unit>?, $mask0: kotlin.Int, $handler: kotlin.Any?): androidx.compose.runtime.State<androidx.compose.ui.unit.Dp> declared in androidx.compose.animation.core.AnimateAsStateKt' type=androidx.compose.runtime.State<androidx.compose.ui.unit.Dp> origin=DEFAULT_DISPATCH_CALL
        targetValue: WHEN type=androidx.compose.ui.unit.Dp origin=IF
          BRANCH
            if: CALL 'private final fun pressSink_TDGSqEk$lambda$1 ($isPressed$delegate: androidx.compose.runtime.MutableState<kotlin.Boolean>): kotlin.Boolean declared in ke.don.shared_domain.modifier_extensions.ModifierExtensionsKt' type=kotlin.Boolean origin=GET_LOCAL_PROPERTY
              $isPressed$delegate: GET_VAR 'val isPressed$delegate: androidx.compose.runtime.MutableState<kotlin.Boolean> [val] declared in ke.don.shared_domain.modifier_extensions.ModifierExtensionsKt.pressSink-TDGSqEk' type=androidx.compose.runtime.MutableState<kotlin.Boolean> origin=null
            then: GET_VAR 'sinkDepth: androidx.compose.ui.unit.Dp declared in ke.don.shared_domain.modifier_extensions.ModifierExtensionsKt.pressSink-TDGSqEk' type=androidx.compose.ui.unit.Dp origin=null
          BRANCH
            if: CONST Boolean type=kotlin.Boolean value=true
            then: CALL 'public final fun <get-dp> (): androidx.compose.ui.unit.Dp [inline] declared in androidx.compose.ui.unit.DpKt' type=androidx.compose.ui.unit.Dp origin=GET_PROPERTY
              $receiver: CONST Int type=kotlin.Int value=0
        animationSpec: COMPOSITE type=androidx.compose.animation.core.AnimationSpec<androidx.compose.ui.unit.Dp>? origin=DEFAULT_VALUE
          CONST Null type=androidx.compose.animation.core.AnimationSpec<androidx.compose.ui.unit.Dp>? value=null
        label: CONST String type=kotlin.String value="offset"
        finishedListener: COMPOSITE type=kotlin.Function1<androidx.compose.ui.unit.Dp, kotlin.Unit>? origin=DEFAULT_VALUE
          CONST Null type=kotlin.Function1<androidx.compose.ui.unit.Dp, kotlin.Unit>? value=null
        $mask0: CONST Int type=kotlin.Int value=10
        $handler: CONST Null type=kotlin.Any? value=null
    VAR PROPERTY_DELEGATE name:scale$delegate type:androidx.compose.runtime.State<kotlin.Float> [val]
      CALL 'public final fun animateFloatAsState$default (targetValue: kotlin.Float, animationSpec: androidx.compose.animation.core.AnimationSpec<kotlin.Float>?, visibilityThreshold: kotlin.Float, label: kotlin.String?, finishedListener: kotlin.Function1<kotlin.Float, kotlin.Unit>?, $mask0: kotlin.Int, $handler: kotlin.Any?): androidx.compose.runtime.State<kotlin.Float> declared in androidx.compose.animation.core.AnimateAsStateKt' type=androidx.compose.runtime.State<kotlin.Float> origin=DEFAULT_DISPATCH_CALL
        targetValue: WHEN type=kotlin.Float origin=IF
          BRANCH
            if: CALL 'private final fun pressSink_TDGSqEk$lambda$1 ($isPressed$delegate: androidx.compose.runtime.MutableState<kotlin.Boolean>): kotlin.Boolean declared in ke.don.shared_domain.modifier_extensions.ModifierExtensionsKt' type=kotlin.Boolean origin=GET_LOCAL_PROPERTY
              $isPressed$delegate: GET_VAR 'val isPressed$delegate: androidx.compose.runtime.MutableState<kotlin.Boolean> [val] declared in ke.don.shared_domain.modifier_extensions.ModifierExtensionsKt.pressSink-TDGSqEk' type=androidx.compose.runtime.MutableState<kotlin.Boolean> origin=null
            then: GET_VAR 'scaleFactor: kotlin.Float declared in ke.don.shared_domain.modifier_extensions.ModifierExtensionsKt.pressSink-TDGSqEk' type=kotlin.Float origin=null
          BRANCH
            if: CONST Boolean type=kotlin.Boolean value=true
            then: CONST Float type=kotlin.Float value=1.0
        animationSpec: COMPOSITE type=androidx.compose.animation.core.AnimationSpec<kotlin.Float>? origin=DEFAULT_VALUE
          CONST Null type=androidx.compose.animation.core.AnimationSpec<kotlin.Float>? value=null
        visibilityThreshold: COMPOSITE type=kotlin.Float origin=DEFAULT_VALUE
          CONST Float type=kotlin.Float value=0.0
        label: CONST String type=kotlin.String value="scale"
        finishedListener: COMPOSITE type=kotlin.Function1<kotlin.Float, kotlin.Unit>? origin=DEFAULT_VALUE
          CONST Null type=kotlin.Function1<kotlin.Float, kotlin.Unit>? value=null
        $mask0: CONST Int type=kotlin.Int value=22
        $handler: CONST Null type=kotlin.Any? value=null
    RETURN type=kotlin.Nothing from='public final fun pressSink-TDGSqEk (enabled: kotlin.Boolean, sinkDepth: androidx.compose.ui.unit.Dp, scaleFactor: kotlin.Float, onClick: kotlin.Function0<kotlin.Unit>): androidx.compose.ui.Modifier declared in ke.don.shared_domain.modifier_extensions.ModifierExtensionsKt'
      CALL 'public final fun pointerInput (key1: kotlin.Any?, block: @[ExtensionFunctionType] kotlin.coroutines.SuspendFunction1<androidx.compose.ui.input.pointer.PointerInputScope, kotlin.Unit>): androidx.compose.ui.Modifier declared in androidx.compose.ui.input.pointer.SuspendingPointerInputFilterKt' type=androidx.compose.ui.Modifier origin=null
        $receiver: CALL 'public final fun offset (offset: @[ExtensionFunctionType] kotlin.Function1<androidx.compose.ui.unit.Density, androidx.compose.ui.unit.IntOffset>): androidx.compose.ui.Modifier declared in androidx.compose.foundation.layout.OffsetKt' type=androidx.compose.ui.Modifier origin=null
          $receiver: CALL 'public final fun scale (scale: kotlin.Float): androidx.compose.ui.Modifier declared in androidx.compose.ui.draw.ScaleKt' type=androidx.compose.ui.Modifier origin=null
            $receiver: GET_VAR '$this$pressSink: androidx.compose.ui.Modifier declared in ke.don.shared_domain.modifier_extensions.ModifierExtensionsKt.pressSink-TDGSqEk' type=androidx.compose.ui.Modifier origin=null
            scale: CALL 'private final fun pressSink_TDGSqEk$lambda$4 ($scale$delegate: androidx.compose.runtime.State<kotlin.Float>): kotlin.Float declared in ke.don.shared_domain.modifier_extensions.ModifierExtensionsKt' type=kotlin.Float origin=GET_LOCAL_PROPERTY
              $scale$delegate: GET_VAR 'val scale$delegate: androidx.compose.runtime.State<kotlin.Float> [val] declared in ke.don.shared_domain.modifier_extensions.ModifierExtensionsKt.pressSink-TDGSqEk' type=androidx.compose.runtime.State<kotlin.Float> origin=null
          offset: BLOCK type=@[ExtensionFunctionType] kotlin.Function1<androidx.compose.ui.unit.Density, androidx.compose.ui.unit.IntOffset> origin=LAMBDA
            COMPOSITE type=kotlin.Unit origin=null
            CALL 'public final fun <jvm-indy> <T> (dynamicCall: T of kotlin.jvm.internal.<jvm-indy>, bootstrapMethodHandle: kotlin.Any, vararg bootstrapMethodArguments: kotlin.Any): T of kotlin.jvm.internal.<jvm-indy> declared in kotlin.jvm.internal' type=@[ExtensionFunctionType] kotlin.Function1<androidx.compose.ui.unit.Density, androidx.compose.ui.unit.IntOffset> origin=null
              <T>: @[ExtensionFunctionType] kotlin.Function1<androidx.compose.ui.unit.Density, androidx.compose.ui.unit.IntOffset>
              dynamicCall: CALL 'public final fun invoke (p0: androidx.compose.runtime.State<androidx.compose.ui.unit.Dp>): @[ExtensionFunctionType] kotlin.Function1<androidx.compose.ui.unit.Density, androidx.compose.ui.unit.IntOffset> declared in kotlin.jvm.internal.invokeDynamic' type=@[ExtensionFunctionType] kotlin.Function1<androidx.compose.ui.unit.Density, androidx.compose.ui.unit.IntOffset> origin=null
                p0: GET_VAR 'val offset$delegate: androidx.compose.runtime.State<androidx.compose.ui.unit.Dp> [val] declared in ke.don.shared_domain.modifier_extensions.ModifierExtensionsKt.pressSink-TDGSqEk' type=androidx.compose.runtime.State<androidx.compose.ui.unit.Dp> origin=null
              bootstrapMethodHandle: CALL 'public final fun <jvm-method-handle> (tag: kotlin.Int, owner: kotlin.String, name: kotlin.String, descriptor: kotlin.String, isInterface: kotlin.Boolean): kotlin.Any declared in kotlin.jvm.internal' type=kotlin.Any origin=null
                tag: CONST Int type=kotlin.Int value=6
                owner: CONST String type=kotlin.String value="java/lang/invoke/LambdaMetafactory"
                name: CONST String type=kotlin.String value="metafactory"
                descriptor: CONST String type=kotlin.String value="(Ljava/lang/invoke/MethodHandles$Lookup;Ljava/lang/String;Ljava/lang/invoke/MethodType;Ljava/lang/invoke/MethodType;Ljava/lang/invoke/MethodHandle;Ljava/lang/invoke/MethodType;)Ljava/lang/invoke/CallSite;"
                isInterface: CONST Boolean type=kotlin.Boolean value=false
              bootstrapMethodArguments: VARARG type=kotlin.Array<kotlin.Any> varargElementType=kotlin.Any
                CALL 'public final fun <jvm-original-method-type> (method: kotlin.Any): kotlin.Any declared in kotlin.jvm.internal' type=kotlin.Any origin=null
                  method: RAW_FUNCTION_REFERENCE 'public abstract fun invoke (p1: P1 of kotlin.Function1): R of kotlin.Function1 [operator] declared in kotlin.Function1' type=kotlin.Any
                RAW_FUNCTION_REFERENCE 'private final fun pressSink_TDGSqEk$lambda$5 ($offset$delegate: androidx.compose.runtime.State<androidx.compose.ui.unit.Dp>, $this$offset: androidx.compose.ui.unit.Density): androidx.compose.ui.unit.IntOffset? declared in ke.don.shared_domain.modifier_extensions.ModifierExtensionsKt' type=kotlin.Any
                CALL 'public final fun <jvm-original-method-type> (method: kotlin.Any): kotlin.Any declared in kotlin.jvm.internal' type=kotlin.Any origin=null
                  method: RAW_FUNCTION_REFERENCE 'public abstract fun invoke (p1: androidx.compose.ui.unit.Density): androidx.compose.ui.unit.IntOffset? [fake_override,operator] declared in kotlin.jvm.internal.invokeDynamic.<fake>' type=kotlin.Any
        key1: GET_VAR 'enabled: kotlin.Boolean declared in ke.don.shared_domain.modifier_extensions.ModifierExtensionsKt.pressSink-TDGSqEk' type=kotlin.Boolean origin=null
        block: BLOCK type=ke.don.shared_domain.modifier_extensions.ModifierExtensionsKt.pressSink-TDGSqEk.<no name provided> origin=null
          CLASS SUSPEND_LAMBDA CLASS name:<no name provided> modality:FINAL visibility:public/*package*/ superTypes:[kotlin.coroutines.jvm.internal.SuspendLambda; kotlin.jvm.functions.Function2<androidx.compose.ui.input.pointer.PointerInputScope, kotlin.coroutines.Continuation<kotlin.Unit>?, kotlin.Any?>]
            $this: VALUE_PARAMETER INSTANCE_RECEIVER name:<this> type:ke.don.shared_domain.modifier_extensions.ModifierExtensionsKt.pressSink-TDGSqEk.<no name provided>
            FIELD name:label type:kotlin.Int visibility:public/*package*/
            FIELD FIELD_FOR_CAPTURED_VALUE name:L$0 type:kotlin.Any? visibility:private
            CONSTRUCTOR SUSPEND_LAMBDA visibility:public/*package*/ <> ($onClick:kotlin.Function0<kotlin.Unit>, $isPressed$delegate:androidx.compose.runtime.MutableState<kotlin.Boolean>, $completion:kotlin.coroutines.Continuation<ke.don.shared_domain.modifier_extensions.ModifierExtensionsKt.pressSink-TDGSqEk.<no name provided>>?) returnType:ke.don.shared_domain.modifier_extensions.ModifierExtensionsKt.pressSink-TDGSqEk.<no name provided> [primary]
              VALUE_PARAMETER BOUND_VALUE_PARAMETER name:$onClick index:0 type:kotlin.Function0<kotlin.Unit>
              VALUE_PARAMETER BOUND_VALUE_PARAMETER name:$isPressed$delegate index:1 type:androidx.compose.runtime.MutableState<kotlin.Boolean>
              VALUE_PARAMETER name:$completion index:2 type:kotlin.coroutines.Continuation<ke.don.shared_domain.modifier_extensions.ModifierExtensionsKt.pressSink-TDGSqEk.<no name provided>>?
              BLOCK_BODY
                SET_FIELD 'FIELD FIELD_FOR_CAPTURED_VALUE name:$onClick type:kotlin.Function0<kotlin.Unit> visibility:public/*package*/ [final]' type=kotlin.Unit origin=INITIALIZER_OF_FIELD_FOR_CAPTURED_VALUE
                  receiver: GET_VAR '<this>: ke.don.shared_domain.modifier_extensions.ModifierExtensionsKt.pressSink-TDGSqEk.<no name provided> declared in ke.don.shared_domain.modifier_extensions.ModifierExtensionsKt.pressSink-TDGSqEk.<no name provided>' type=ke.don.shared_domain.modifier_extensions.ModifierExtensionsKt.pressSink-TDGSqEk.<no name provided> origin=null
                  value: GET_VAR '$onClick: kotlin.Function0<kotlin.Unit> declared in ke.don.shared_domain.modifier_extensions.ModifierExtensionsKt.pressSink-TDGSqEk.<no name provided>.<init>' type=kotlin.Function0<kotlin.Unit> origin=null
                SET_FIELD 'FIELD FIELD_FOR_CAPTURED_VALUE name:$isPressed$delegate type:androidx.compose.runtime.MutableState<kotlin.Boolean> visibility:public/*package*/ [final]' type=kotlin.Unit origin=INITIALIZER_OF_FIELD_FOR_CAPTURED_VALUE
                  receiver: GET_VAR '<this>: ke.don.shared_domain.modifier_extensions.ModifierExtensionsKt.pressSink-TDGSqEk.<no name provided> declared in ke.don.shared_domain.modifier_extensions.ModifierExtensionsKt.pressSink-TDGSqEk.<no name provided>' type=ke.don.shared_domain.modifier_extensions.ModifierExtensionsKt.pressSink-TDGSqEk.<no name provided> origin=null
                  value: GET_VAR '$isPressed$delegate: androidx.compose.runtime.MutableState<kotlin.Boolean> declared in ke.don.shared_domain.modifier_extensions.ModifierExtensionsKt.pressSink-TDGSqEk.<no name provided>.<init>' type=androidx.compose.runtime.MutableState<kotlin.Boolean> origin=null
                DELEGATING_CONSTRUCTOR_CALL 'public constructor <init> (arity: kotlin.Int, $completion: kotlin.coroutines.Continuation<kotlin.Any?>?) declared in kotlin.coroutines.jvm.internal.SuspendLambda'
                  arity: CONST Int type=kotlin.Int value=2
                  $completion: GET_VAR '$completion: kotlin.coroutines.Continuation<ke.don.shared_domain.modifier_extensions.ModifierExtensionsKt.pressSink-TDGSqEk.<no name provided>>? declared in ke.don.shared_domain.modifier_extensions.ModifierExtensionsKt.pressSink-TDGSqEk.<no name provided>.<init>' type=kotlin.coroutines.Continuation<ke.don.shared_domain.modifier_extensions.ModifierExtensionsKt.pressSink-TDGSqEk.<no name provided>>? origin=null
                BLOCK type=kotlin.Unit origin=null
            FUN name:invokeSuspend visibility:public modality:FINAL <> ($this:ke.don.shared_domain.modifier_extensions.ModifierExtensionsKt.pressSink-TDGSqEk.<no name provided>, $result:kotlin.Result<kotlin.Any?>) returnType:kotlin.Any?
              overridden:
                protected abstract fun invokeSuspend ($result: kotlin.Result<kotlin.Any?>): kotlin.Any? declared in kotlin.coroutines.jvm.internal.SuspendLambda
              $this: VALUE_PARAMETER INSTANCE_RECEIVER name:<this> type:ke.don.shared_domain.modifier_extensions.ModifierExtensionsKt.pressSink-TDGSqEk.<no name provided>
              VALUE_PARAMETER name:$result index:0 type:kotlin.Result<kotlin.Any?>
              BLOCK_BODY
                VAR name:$this$pointerInput type:androidx.compose.ui.input.pointer.PointerInputScope [val]
                  BLOCK type=androidx.compose.ui.input.pointer.PointerInputScope origin=null
                    GET_FIELD 'FIELD FIELD_FOR_CAPTURED_VALUE name:L$0 type:kotlin.Any? visibility:private' type=androidx.compose.ui.input.pointer.PointerInputScope origin=null
                      receiver: GET_VAR '<this>: ke.don.shared_domain.modifier_extensions.ModifierExtensionsKt.pressSink-TDGSqEk.<no name provided> declared in ke.don.shared_domain.modifier_extensions.ModifierExtensionsKt.pressSink-TDGSqEk.<no name provided>.invokeSuspend' type=ke.don.shared_domain.modifier_extensions.ModifierExtensionsKt.pressSink-TDGSqEk.<no name provided> origin=null
                CALL 'public final fun detectTapGestures$default (onDoubleTap: kotlin.Function1<androidx.compose.ui.geometry.Offset, kotlin.Unit>?, onLongPress: kotlin.Function1<androidx.compose.ui.geometry.Offset, kotlin.Unit>?, onPress: @[ExtensionFunctionType] kotlin.coroutines.SuspendFunction2<androidx.compose.foundation.gestures.PressGestureScope, androidx.compose.ui.geometry.Offset, kotlin.Unit>?, onTap: kotlin.Function1<androidx.compose.ui.geometry.Offset, kotlin.Unit>?, $completion: kotlin.coroutines.Continuation<kotlin.Unit>, $mask0: kotlin.Int, $handler: kotlin.Any?): kotlin.Any? [suspend] declared in androidx.compose.foundation.gestures.TapGestureDetectorKt' type=kotlin.Unit origin=DEFAULT_DISPATCH_CALL
                  $receiver: GET_VAR 'val $this$pointerInput: androidx.compose.ui.input.pointer.PointerInputScope [val] declared in ke.don.shared_domain.modifier_extensions.ModifierExtensionsKt.pressSink-TDGSqEk.<no name provided>.invokeSuspend' type=androidx.compose.ui.input.pointer.PointerInputScope origin=null
                  onDoubleTap: COMPOSITE type=kotlin.Function1<androidx.compose.ui.geometry.Offset, kotlin.Unit>? origin=DEFAULT_VALUE
                    CONST Null type=kotlin.Function1<androidx.compose.ui.geometry.Offset, kotlin.Unit>? value=null
                  onLongPress: COMPOSITE type=kotlin.Function1<androidx.compose.ui.geometry.Offset, kotlin.Unit>? origin=DEFAULT_VALUE
                    CONST Null type=kotlin.Function1<androidx.compose.ui.geometry.Offset, kotlin.Unit>? value=null
                  onPress: BLOCK type=ke.don.shared_domain.modifier_extensions.ModifierExtensionsKt.pressSink-TDGSqEk.<no name provided>.invokeSuspend.<no name provided> origin=null
                    CLASS SUSPEND_LAMBDA CLASS name:<no name provided> modality:FINAL visibility:public/*package*/ superTypes:[kotlin.coroutines.jvm.internal.SuspendLambda; kotlin.jvm.functions.Function3<androidx.compose.foundation.gestures.PressGestureScope, androidx.compose.ui.geometry.Offset, kotlin.coroutines.Continuation<kotlin.Unit>?, kotlin.Any?>]
                      $this: VALUE_PARAMETER INSTANCE_RECEIVER name:<this> type:ke.don.shared_domain.modifier_extensions.ModifierExtensionsKt.pressSink-TDGSqEk.<no name provided>.invokeSuspend.<no name provided>
                      FIELD name:label type:kotlin.Int visibility:public/*package*/
                      FIELD FIELD_FOR_CAPTURED_VALUE name:L$0 type:kotlin.Any? visibility:private
                      CONSTRUCTOR SUSPEND_LAMBDA visibility:public/*package*/ <> ($onClick:kotlin.Function0<kotlin.Unit>, $isPressed$delegate:androidx.compose.runtime.MutableState<kotlin.Boolean>, $completion:kotlin.coroutines.Continuation<ke.don.shared_domain.modifier_extensions.ModifierExtensionsKt.pressSink-TDGSqEk.<no name provided>.invokeSuspend.<no name provided>>?) returnType:ke.don.shared_domain.modifier_extensions.ModifierExtensionsKt.pressSink-TDGSqEk.<no name provided>.invokeSuspend.<no name provided> [primary]
                        VALUE_PARAMETER BOUND_VALUE_PARAMETER name:$onClick index:0 type:kotlin.Function0<kotlin.Unit>
                        VALUE_PARAMETER BOUND_VALUE_PARAMETER name:$isPressed$delegate index:1 type:androidx.compose.runtime.MutableState<kotlin.Boolean>
                        VALUE_PARAMETER name:$completion index:2 type:kotlin.coroutines.Continuation<ke.don.shared_domain.modifier_extensions.ModifierExtensionsKt.pressSink-TDGSqEk.<no name provided>.invokeSuspend.<no name provided>>?
                        BLOCK_BODY
                          SET_FIELD 'FIELD FIELD_FOR_CAPTURED_VALUE name:$onClick type:kotlin.Function0<kotlin.Unit> visibility:public/*package*/ [final]' type=kotlin.Unit origin=INITIALIZER_OF_FIELD_FOR_CAPTURED_VALUE
                            receiver: GET_VAR '<this>: ke.don.shared_domain.modifier_extensions.ModifierExtensionsKt.pressSink-TDGSqEk.<no name provided>.invokeSuspend.<no name provided> declared in ke.don.shared_domain.modifier_extensions.ModifierExtensionsKt.pressSink-TDGSqEk.<no name provided>.invokeSuspend.<no name provided>' type=ke.don.shared_domain.modifier_extensions.ModifierExtensionsKt.pressSink-TDGSqEk.<no name provided>.invokeSuspend.<no name provided> origin=null
                            value: GET_VAR '$onClick: kotlin.Function0<kotlin.Unit> declared in ke.don.shared_domain.modifier_extensions.ModifierExtensionsKt.pressSink-TDGSqEk.<no name provided>.invokeSuspend.<no name provided>.<init>' type=kotlin.Function0<kotlin.Unit> origin=null
                          SET_FIELD 'FIELD FIELD_FOR_CAPTURED_VALUE name:$isPressed$delegate type:androidx.compose.runtime.MutableState<kotlin.Boolean> visibility:public/*package*/ [final]' type=kotlin.Unit origin=INITIALIZER_OF_FIELD_FOR_CAPTURED_VALUE
                            receiver: GET_VAR '<this>: ke.don.shared_domain.modifier_extensions.ModifierExtensionsKt.pressSink-TDGSqEk.<no name provided>.invokeSuspend.<no name provided> declared in ke.don.shared_domain.modifier_extensions.ModifierExtensionsKt.pressSink-TDGSqEk.<no name provided>.invokeSuspend.<no name provided>' type=ke.don.shared_domain.modifier_extensions.ModifierExtensionsKt.pressSink-TDGSqEk.<no name provided>.invokeSuspend.<no name provided> origin=null
                            value: GET_VAR '$isPressed$delegate: androidx.compose.runtime.MutableState<kotlin.Boolean> declared in ke.don.shared_domain.modifier_extensions.ModifierExtensionsKt.pressSink-TDGSqEk.<no name provided>.invokeSuspend.<no name provided>.<init>' type=androidx.compose.runtime.MutableState<kotlin.Boolean> origin=null
                          DELEGATING_CONSTRUCTOR_CALL 'public constructor <init> (arity: kotlin.Int, $completion: kotlin.coroutines.Continuation<kotlin.Any?>?) declared in kotlin.coroutines.jvm.internal.SuspendLambda'
                            arity: CONST Int type=kotlin.Int value=3
                            $completion: GET_VAR '$completion: kotlin.coroutines.Continuation<ke.don.shared_domain.modifier_extensions.ModifierExtensionsKt.pressSink-TDGSqEk.<no name provided>.invokeSuspend.<no name provided>>? declared in ke.don.shared_domain.modifier_extensions.ModifierExtensionsKt.pressSink-TDGSqEk.<no name provided>.invokeSuspend.<no name provided>.<init>' type=kotlin.coroutines.Continuation<ke.don.shared_domain.modifier_extensions.ModifierExtensionsKt.pressSink-TDGSqEk.<no name provided>.invokeSuspend.<no name provided>>? origin=null
                          BLOCK type=kotlin.Unit origin=null
                      FUN name:invokeSuspend visibility:public modality:FINAL <> ($this:ke.don.shared_domain.modifier_extensions.ModifierExtensionsKt.pressSink-TDGSqEk.<no name provided>.invokeSuspend.<no name provided>, $result:kotlin.Result<kotlin.Any?>) returnType:kotlin.Any?
                        overridden:
                          protected abstract fun invokeSuspend ($result: kotlin.Result<kotlin.Any?>): kotlin.Any? declared in kotlin.coroutines.jvm.internal.SuspendLambda
                        $this: VALUE_PARAMETER INSTANCE_RECEIVER name:<this> type:ke.don.shared_domain.modifier_extensions.ModifierExtensionsKt.pressSink-TDGSqEk.<no name provided>.invokeSuspend.<no name provided>
                        VALUE_PARAMETER name:$result index:0 type:kotlin.Result<kotlin.Any?>
                        BLOCK_BODY
                          VAR name:$this$detectTapGestures type:androidx.compose.foundation.gestures.PressGestureScope [val]
                            BLOCK type=androidx.compose.foundation.gestures.PressGestureScope origin=null
                              GET_FIELD 'FIELD FIELD_FOR_CAPTURED_VALUE name:L$0 type:kotlin.Any? visibility:private' type=androidx.compose.foundation.gestures.PressGestureScope origin=null
                                receiver: GET_VAR '<this>: ke.don.shared_domain.modifier_extensions.ModifierExtensionsKt.pressSink-TDGSqEk.<no name provided>.invokeSuspend.<no name provided> declared in ke.don.shared_domain.modifier_extensions.ModifierExtensionsKt.pressSink-TDGSqEk.<no name provided>.invokeSuspend.<no name provided>.invokeSuspend' type=ke.don.shared_domain.modifier_extensions.ModifierExtensionsKt.pressSink-TDGSqEk.<no name provided>.invokeSuspend.<no name provided> origin=null
                          CALL 'public final fun access$pressSink_TDGSqEk$lambda$2 ($isPressed$delegate: androidx.compose.runtime.MutableState<kotlin.Boolean>, <set-?>: kotlin.Boolean): kotlin.Unit declared in ke.don.shared_domain.modifier_extensions.ModifierExtensionsKt' type=kotlin.Unit origin=EQ
                            $isPressed$delegate: GET_FIELD 'FIELD FIELD_FOR_CAPTURED_VALUE name:$isPressed$delegate type:androidx.compose.runtime.MutableState<kotlin.Boolean> visibility:public/*package*/ [final]' type=androidx.compose.runtime.MutableState<kotlin.Boolean> origin=null
                              receiver: GET_VAR '<this>: ke.don.shared_domain.modifier_extensions.ModifierExtensionsKt.pressSink-TDGSqEk.<no name provided>.invokeSuspend.<no name provided> declared in ke.don.shared_domain.modifier_extensions.ModifierExtensionsKt.pressSink-TDGSqEk.<no name provided>.invokeSuspend.<no name provided>.invokeSuspend' type=ke.don.shared_domain.modifier_extensions.ModifierExtensionsKt.pressSink-TDGSqEk.<no name provided>.invokeSuspend.<no name provided> origin=null
                            <set-?>: CONST Boolean type=kotlin.Boolean value=true
                          TRY type=kotlin.Unit
                            try: BLOCK type=kotlin.Unit origin=null
                              CALL 'public abstract fun awaitRelease ($completion: kotlin.coroutines.Continuation<kotlin.Unit>): kotlin.Any? [suspend] declared in androidx.compose.foundation.gestures.PressGestureScope' type=kotlin.Unit origin=null
                                $this: GET_VAR 'val $this$detectTapGestures: androidx.compose.foundation.gestures.PressGestureScope [val] declared in ke.don.shared_domain.modifier_extensions.ModifierExtensionsKt.pressSink-TDGSqEk.<no name provided>.invokeSuspend.<no name provided>.invokeSuspend' type=androidx.compose.foundation.gestures.PressGestureScope origin=null
                                $completion: GET_VAR '<this>: ke.don.shared_domain.modifier_extensions.ModifierExtensionsKt.pressSink-TDGSqEk.<no name provided>.invokeSuspend.<no name provided> declared in ke.don.shared_domain.modifier_extensions.ModifierExtensionsKt.pressSink-TDGSqEk.<no name provided>.invokeSuspend.<no name provided>.invokeSuspend' type=ke.don.shared_domain.modifier_extensions.ModifierExtensionsKt.pressSink-TDGSqEk.<no name provided>.invokeSuspend.<no name provided> origin=null
                            finally: BLOCK type=kotlin.Unit origin=null
                              CALL 'public final fun access$pressSink_TDGSqEk$lambda$2 ($isPressed$delegate: androidx.compose.runtime.MutableState<kotlin.Boolean>, <set-?>: kotlin.Boolean): kotlin.Unit declared in ke.don.shared_domain.modifier_extensions.ModifierExtensionsKt' type=kotlin.Unit origin=EQ
                                $isPressed$delegate: GET_FIELD 'FIELD FIELD_FOR_CAPTURED_VALUE name:$isPressed$delegate type:androidx.compose.runtime.MutableState<kotlin.Boolean> visibility:public/*package*/ [final]' type=androidx.compose.runtime.MutableState<kotlin.Boolean> origin=null
                                  receiver: GET_VAR '<this>: ke.don.shared_domain.modifier_extensions.ModifierExtensionsKt.pressSink-TDGSqEk.<no name provided>.invokeSuspend.<no name provided> declared in ke.don.shared_domain.modifier_extensions.ModifierExtensionsKt.pressSink-TDGSqEk.<no name provided>.invokeSuspend.<no name provided>.invokeSuspend' type=ke.don.shared_domain.modifier_extensions.ModifierExtensionsKt.pressSink-TDGSqEk.<no name provided>.invokeSuspend.<no name provided> origin=null
                                <set-?>: CONST Boolean type=kotlin.Boolean value=false
                              CALL 'public abstract fun invoke (): R of kotlin.Function0 [operator] declared in kotlin.Function0' type=kotlin.Unit origin=INVOKE
                                $this: GET_FIELD 'FIELD FIELD_FOR_CAPTURED_VALUE name:$onClick type:kotlin.Function0<kotlin.Unit> visibility:public/*package*/ [final]' type=kotlin.Function0<kotlin.Unit> origin=null
                                  receiver: GET_VAR '<this>: ke.don.shared_domain.modifier_extensions.ModifierExtensionsKt.pressSink-TDGSqEk.<no name provided>.invokeSuspend.<no name provided> declared in ke.don.shared_domain.modifier_extensions.ModifierExtensionsKt.pressSink-TDGSqEk.<no name provided>.invokeSuspend.<no name provided>.invokeSuspend' type=ke.don.shared_domain.modifier_extensions.ModifierExtensionsKt.pressSink-TDGSqEk.<no name provided>.invokeSuspend.<no name provided> origin=null
                      FUN name:invoke-d-4ec7I visibility:public modality:FINAL <> ($this:ke.don.shared_domain.modifier_extensions.ModifierExtensionsKt.pressSink-TDGSqEk.<no name provided>.invokeSuspend.<no name provided>, p1:androidx.compose.foundation.gestures.PressGestureScope, p2:androidx.compose.ui.geometry.Offset, p3:kotlin.coroutines.Continuation<kotlin.Unit>?) returnType:kotlin.Any?
                        overridden:
                          public abstract fun invoke (p1: P1 of kotlin.jvm.functions.Function3, p2: P2 of kotlin.jvm.functions.Function3, p3: P3 of kotlin.jvm.functions.Function3): R of kotlin.jvm.functions.Function3 declared in kotlin.jvm.functions.Function3
                        $this: VALUE_PARAMETER INSTANCE_RECEIVER name:<this> type:ke.don.shared_domain.modifier_extensions.ModifierExtensionsKt.pressSink-TDGSqEk.<no name provided>.invokeSuspend.<no name provided>
                        VALUE_PARAMETER name:p1 index:0 type:androidx.compose.foundation.gestures.PressGestureScope
                        VALUE_PARAMETER name:p2 index:1 type:androidx.compose.ui.geometry.Offset
                        VALUE_PARAMETER name:p3 index:2 type:kotlin.coroutines.Continuation<kotlin.Unit>?
                        BLOCK_BODY
                          VAR IR_TEMPORARY_VARIABLE name:tmp0_result type:ke.don.shared_domain.modifier_extensions.ModifierExtensionsKt.pressSink-TDGSqEk.<no name provided>.invokeSuspend.<no name provided> [val]
                            CONSTRUCTOR_CALL 'public/*package*/ constructor <init> ($onClick: kotlin.Function0<kotlin.Unit>, $isPressed$delegate: androidx.compose.runtime.MutableState<kotlin.Boolean>, $completion: kotlin.coroutines.Continuation<ke.don.shared_domain.modifier_extensions.ModifierExtensionsKt.pressSink-TDGSqEk.<no name provided>.invokeSuspend.<no name provided>>?) [primary] declared in ke.don.shared_domain.modifier_extensions.ModifierExtensionsKt.pressSink-TDGSqEk.<no name provided>.invokeSuspend.<no name provided>' type=ke.don.shared_domain.modifier_extensions.ModifierExtensionsKt.pressSink-TDGSqEk.<no name provided>.invokeSuspend.<no name provided> origin=null
                              $onClick: GET_FIELD 'FIELD FIELD_FOR_CAPTURED_VALUE name:$onClick type:kotlin.Function0<kotlin.Unit> visibility:public/*package*/ [final]' type=kotlin.Function0<kotlin.Unit> origin=null
                                receiver: GET_VAR '<this>: ke.don.shared_domain.modifier_extensions.ModifierExtensionsKt.pressSink-TDGSqEk.<no name provided>.invokeSuspend.<no name provided> declared in ke.don.shared_domain.modifier_extensions.ModifierExtensionsKt.pressSink-TDGSqEk.<no name provided>.invokeSuspend.<no name provided>.invoke-d-4ec7I' type=ke.don.shared_domain.modifier_extensions.ModifierExtensionsKt.pressSink-TDGSqEk.<no name provided>.invokeSuspend.<no name provided> origin=null
                              $isPressed$delegate: GET_FIELD 'FIELD FIELD_FOR_CAPTURED_VALUE name:$isPressed$delegate type:androidx.compose.runtime.MutableState<kotlin.Boolean> visibility:public/*package*/ [final]' type=androidx.compose.runtime.MutableState<kotlin.Boolean> origin=null
                                receiver: GET_VAR '<this>: ke.don.shared_domain.modifier_extensions.ModifierExtensionsKt.pressSink-TDGSqEk.<no name provided>.invokeSuspend.<no name provided> declared in ke.don.shared_domain.modifier_extensions.ModifierExtensionsKt.pressSink-TDGSqEk.<no name provided>.invokeSuspend.<no name provided>.invoke-d-4ec7I' type=ke.don.shared_domain.modifier_extensions.ModifierExtensionsKt.pressSink-TDGSqEk.<no name provided>.invokeSuspend.<no name provided> origin=null
                              $completion: GET_VAR 'p3: kotlin.coroutines.Continuation<kotlin.Unit>? declared in ke.don.shared_domain.modifier_extensions.ModifierExtensionsKt.pressSink-TDGSqEk.<no name provided>.invokeSuspend.<no name provided>.invoke-d-4ec7I' type=kotlin.coroutines.Continuation<kotlin.Unit>? origin=null
                          SET_FIELD 'FIELD FIELD_FOR_CAPTURED_VALUE name:L$0 type:kotlin.Any? visibility:private' type=kotlin.Unit origin=null
                            receiver: GET_VAR 'val tmp0_result: ke.don.shared_domain.modifier_extensions.ModifierExtensionsKt.pressSink-TDGSqEk.<no name provided>.invokeSuspend.<no name provided> [val] declared in ke.don.shared_domain.modifier_extensions.ModifierExtensionsKt.pressSink-TDGSqEk.<no name provided>.invokeSuspend.<no name provided>.invoke-d-4ec7I' type=ke.don.shared_domain.modifier_extensions.ModifierExtensionsKt.pressSink-TDGSqEk.<no name provided>.invokeSuspend.<no name provided> origin=null
                            value: GET_VAR 'p1: androidx.compose.foundation.gestures.PressGestureScope declared in ke.don.shared_domain.modifier_extensions.ModifierExtensionsKt.pressSink-TDGSqEk.<no name provided>.invokeSuspend.<no name provided>.invoke-d-4ec7I' type=androidx.compose.foundation.gestures.PressGestureScope origin=null
                          RETURN type=kotlin.Nothing from='public final fun invoke-d-4ec7I (p1: androidx.compose.foundation.gestures.PressGestureScope, p2: androidx.compose.ui.geometry.Offset, p3: kotlin.coroutines.Continuation<kotlin.Unit>?): kotlin.Any? declared in ke.don.shared_domain.modifier_extensions.ModifierExtensionsKt.pressSink-TDGSqEk.<no name provided>.invokeSuspend.<no name provided>'
                            CALL 'public final fun invokeSuspend ($result: kotlin.Result<kotlin.Any?>): kotlin.Any? declared in ke.don.shared_domain.modifier_extensions.ModifierExtensionsKt.pressSink-TDGSqEk.<no name provided>.invokeSuspend.<no name provided>' type=kotlin.Any? origin=null
                              $this: GET_VAR 'val tmp0_result: ke.don.shared_domain.modifier_extensions.ModifierExtensionsKt.pressSink-TDGSqEk.<no name provided>.invokeSuspend.<no name provided> [val] declared in ke.don.shared_domain.modifier_extensions.ModifierExtensionsKt.pressSink-TDGSqEk.<no name provided>.invokeSuspend.<no name provided>.invoke-d-4ec7I' type=ke.don.shared_domain.modifier_extensions.ModifierExtensionsKt.pressSink-TDGSqEk.<no name provided>.invokeSuspend.<no name provided> origin=null
                              $result: CALL 'public final fun <unsafe-coerce> <T, R> (v: T of kotlin.jvm.internal.<unsafe-coerce>): R of kotlin.jvm.internal.<unsafe-coerce> declared in kotlin.jvm.internal' type=kotlin.Result<kotlin.Any?> origin=null
                                <T>: kotlin.Any?
                                <R>: kotlin.Result<kotlin.Any?>
                                v: GET_FIELD 'FIELD FIELD_FOR_OBJECT_INSTANCE name:INSTANCE type:kotlin.Unit visibility:public [final,static]' type=kotlin.Unit origin=null
                      FIELD FIELD_FOR_CAPTURED_VALUE name:$onClick type:kotlin.Function0<kotlin.Unit> visibility:public/*package*/ [final]
                      FIELD FIELD_FOR_CAPTURED_VALUE name:$isPressed$delegate type:androidx.compose.runtime.MutableState<kotlin.Boolean> visibility:public/*package*/ [final]
                      FUN BRIDGE name:invoke visibility:public modality:OPEN <> ($this:ke.don.shared_domain.modifier_extensions.ModifierExtensionsKt.pressSink-TDGSqEk.<no name provided>.invokeSuspend.<no name provided>, p1:kotlin.Any?, p2:kotlin.Any?, p3:kotlin.Any?) returnType:kotlin.Any?
                        $this: VALUE_PARAMETER INSTANCE_RECEIVER name:<this> type:ke.don.shared_domain.modifier_extensions.ModifierExtensionsKt.pressSink-TDGSqEk.<no name provided>.invokeSuspend.<no name provided>
                        VALUE_PARAMETER BRIDGE name:p1 index:0 type:kotlin.Any?
                        VALUE_PARAMETER BRIDGE name:p2 index:1 type:kotlin.Any?
                        VALUE_PARAMETER BRIDGE name:p3 index:2 type:kotlin.Any?
                        EXPRESSION_BODY
                          RETURN type=kotlin.Nothing from='public open fun invoke (p1: kotlin.Any?, p2: kotlin.Any?, p3: kotlin.Any?): kotlin.Any? declared in ke.don.shared_domain.modifier_extensions.ModifierExtensionsKt.pressSink-TDGSqEk.<no name provided>.invokeSuspend.<no name provided>'
                            CALL 'public final fun invoke-d-4ec7I (p1: androidx.compose.foundation.gestures.PressGestureScope, p2: androidx.compose.ui.geometry.Offset, p3: kotlin.coroutines.Continuation<kotlin.Unit>?): kotlin.Any? declared in ke.don.shared_domain.modifier_extensions.ModifierExtensionsKt.pressSink-TDGSqEk.<no name provided>.invokeSuspend.<no name provided>' type=kotlin.Any? origin=BRIDGE_DELEGATION
                              $this: GET_VAR '<this>: ke.don.shared_domain.modifier_extensions.ModifierExtensionsKt.pressSink-TDGSqEk.<no name provided>.invokeSuspend.<no name provided> declared in ke.don.shared_domain.modifier_extensions.ModifierExtensionsKt.pressSink-TDGSqEk.<no name provided>.invokeSuspend.<no name provided>.invoke' type=ke.don.shared_domain.modifier_extensions.ModifierExtensionsKt.pressSink-TDGSqEk.<no name provided>.invokeSuspend.<no name provided> origin=null
                              p1: TYPE_OP type=androidx.compose.foundation.gestures.PressGestureScope origin=IMPLICIT_CAST typeOperand=androidx.compose.foundation.gestures.PressGestureScope
                                GET_VAR 'p1: kotlin.Any? declared in ke.don.shared_domain.modifier_extensions.ModifierExtensionsKt.pressSink-TDGSqEk.<no name provided>.invokeSuspend.<no name provided>.invoke' type=kotlin.Any? origin=null
                              p2: TYPE_OP type=androidx.compose.ui.geometry.Offset origin=IMPLICIT_CAST typeOperand=androidx.compose.ui.geometry.Offset
                                GET_VAR 'p2: kotlin.Any? declared in ke.don.shared_domain.modifier_extensions.ModifierExtensionsKt.pressSink-TDGSqEk.<no name provided>.invokeSuspend.<no name provided>.invoke' type=kotlin.Any? origin=null
                              p3: TYPE_OP type=kotlin.coroutines.Continuation<*> origin=IMPLICIT_CAST typeOperand=kotlin.coroutines.Continuation<*>
                                GET_VAR 'p3: kotlin.Any? declared in ke.don.shared_domain.modifier_extensions.ModifierExtensionsKt.pressSink-TDGSqEk.<no name provided>.invokeSuspend.<no name provided>.invoke' type=kotlin.Any? origin=null
                    CONSTRUCTOR_CALL 'public/*package*/ constructor <init> ($onClick: kotlin.Function0<kotlin.Unit>, $isPressed$delegate: androidx.compose.runtime.MutableState<kotlin.Boolean>, $completion: kotlin.coroutines.Continuation<ke.don.shared_domain.modifier_extensions.ModifierExtensionsKt.pressSink-TDGSqEk.<no name provided>.invokeSuspend.<no name provided>>?) [primary] declared in ke.don.shared_domain.modifier_extensions.ModifierExtensionsKt.pressSink-TDGSqEk.<no name provided>.invokeSuspend.<no name provided>' type=ke.don.shared_domain.modifier_extensions.ModifierExtensionsKt.pressSink-TDGSqEk.<no name provided>.invokeSuspend.<no name provided> origin=null
                      $onClick: GET_FIELD 'FIELD FIELD_FOR_CAPTURED_VALUE name:$onClick type:kotlin.Function0<kotlin.Unit> visibility:public/*package*/ [final]' type=kotlin.Function0<kotlin.Unit> origin=null
                        receiver: GET_VAR '<this>: ke.don.shared_domain.modifier_extensions.ModifierExtensionsKt.pressSink-TDGSqEk.<no name provided> declared in ke.don.shared_domain.modifier_extensions.ModifierExtensionsKt.pressSink-TDGSqEk.<no name provided>.invokeSuspend' type=ke.don.shared_domain.modifier_extensions.ModifierExtensionsKt.pressSink-TDGSqEk.<no name provided> origin=null
                      $isPressed$delegate: GET_FIELD 'FIELD FIELD_FOR_CAPTURED_VALUE name:$isPressed$delegate type:androidx.compose.runtime.MutableState<kotlin.Boolean> visibility:public/*package*/ [final]' type=androidx.compose.runtime.MutableState<kotlin.Boolean> origin=null
                        receiver: GET_VAR '<this>: ke.don.shared_domain.modifier_extensions.ModifierExtensionsKt.pressSink-TDGSqEk.<no name provided> declared in ke.don.shared_domain.modifier_extensions.ModifierExtensionsKt.pressSink-TDGSqEk.<no name provided>.invokeSuspend' type=ke.don.shared_domain.modifier_extensions.ModifierExtensionsKt.pressSink-TDGSqEk.<no name provided> origin=null
                      $completion: CONST Null type=kotlin.Nothing? value=null
                  onTap: COMPOSITE type=kotlin.Function1<androidx.compose.ui.geometry.Offset, kotlin.Unit>? origin=DEFAULT_VALUE
                    CONST Null type=kotlin.Function1<androidx.compose.ui.geometry.Offset, kotlin.Unit>? value=null
                  $completion: GET_VAR '<this>: ke.don.shared_domain.modifier_extensions.ModifierExtensionsKt.pressSink-TDGSqEk.<no name provided> declared in ke.don.shared_domain.modifier_extensions.ModifierExtensionsKt.pressSink-TDGSqEk.<no name provided>.invokeSuspend' type=ke.don.shared_domain.modifier_extensions.ModifierExtensionsKt.pressSink-TDGSqEk.<no name provided> origin=null
                  $mask0: CONST Int type=kotlin.Int value=11
                  $handler: CONST Null type=kotlin.Any? value=null
            FUN name:create visibility:public modality:FINAL <> ($this:ke.don.shared_domain.modifier_extensions.ModifierExtensionsKt.pressSink-TDGSqEk.<no name provided>, value:kotlin.Any?, $completion:kotlin.coroutines.Continuation<kotlin.Nothing>) returnType:kotlin.coroutines.Continuation<kotlin.Unit>
              overridden:
                public open fun create (value: kotlin.Any?, $completion: kotlin.coroutines.Continuation<kotlin.Nothing>): kotlin.coroutines.Continuation<kotlin.Unit> declared in kotlin.coroutines.jvm.internal.SuspendLambda
              $this: VALUE_PARAMETER INSTANCE_RECEIVER name:<this> type:ke.don.shared_domain.modifier_extensions.ModifierExtensionsKt.pressSink-TDGSqEk.<no name provided>
              VALUE_PARAMETER name:value index:0 type:kotlin.Any?
              VALUE_PARAMETER name:$completion index:1 type:kotlin.coroutines.Continuation<kotlin.Nothing>
              BLOCK_BODY
                VAR IR_TEMPORARY_VARIABLE name:tmp0_result type:ke.don.shared_domain.modifier_extensions.ModifierExtensionsKt.pressSink-TDGSqEk.<no name provided> [val]
                  CONSTRUCTOR_CALL 'public/*package*/ constructor <init> ($onClick: kotlin.Function0<kotlin.Unit>, $isPressed$delegate: androidx.compose.runtime.MutableState<kotlin.Boolean>, $completion: kotlin.coroutines.Continuation<ke.don.shared_domain.modifier_extensions.ModifierExtensionsKt.pressSink-TDGSqEk.<no name provided>>?) [primary] declared in ke.don.shared_domain.modifier_extensions.ModifierExtensionsKt.pressSink-TDGSqEk.<no name provided>' type=ke.don.shared_domain.modifier_extensions.ModifierExtensionsKt.pressSink-TDGSqEk.<no name provided> origin=null
                    $onClick: GET_FIELD 'FIELD FIELD_FOR_CAPTURED_VALUE name:$onClick type:kotlin.Function0<kotlin.Unit> visibility:public/*package*/ [final]' type=kotlin.Function0<kotlin.Unit> origin=null
                      receiver: GET_VAR '<this>: ke.don.shared_domain.modifier_extensions.ModifierExtensionsKt.pressSink-TDGSqEk.<no name provided> declared in ke.don.shared_domain.modifier_extensions.ModifierExtensionsKt.pressSink-TDGSqEk.<no name provided>.create' type=ke.don.shared_domain.modifier_extensions.ModifierExtensionsKt.pressSink-TDGSqEk.<no name provided> origin=null
                    $isPressed$delegate: GET_FIELD 'FIELD FIELD_FOR_CAPTURED_VALUE name:$isPressed$delegate type:androidx.compose.runtime.MutableState<kotlin.Boolean> visibility:public/*package*/ [final]' type=androidx.compose.runtime.MutableState<kotlin.Boolean> origin=null
                      receiver: GET_VAR '<this>: ke.don.shared_domain.modifier_extensions.ModifierExtensionsKt.pressSink-TDGSqEk.<no name provided> declared in ke.don.shared_domain.modifier_extensions.ModifierExtensionsKt.pressSink-TDGSqEk.<no name provided>.create' type=ke.don.shared_domain.modifier_extensions.ModifierExtensionsKt.pressSink-TDGSqEk.<no name provided> origin=null
                    $completion: GET_VAR '$completion: kotlin.coroutines.Continuation<kotlin.Nothing> declared in ke.don.shared_domain.modifier_extensions.ModifierExtensionsKt.pressSink-TDGSqEk.<no name provided>.create' type=kotlin.coroutines.Continuation<kotlin.Nothing> origin=null
                SET_FIELD 'FIELD FIELD_FOR_CAPTURED_VALUE name:L$0 type:kotlin.Any? visibility:private' type=kotlin.Unit origin=null
                  receiver: GET_VAR 'val tmp0_result: ke.don.shared_domain.modifier_extensions.ModifierExtensionsKt.pressSink-TDGSqEk.<no name provided> [val] declared in ke.don.shared_domain.modifier_extensions.ModifierExtensionsKt.pressSink-TDGSqEk.<no name provided>.create' type=ke.don.shared_domain.modifier_extensions.ModifierExtensionsKt.pressSink-TDGSqEk.<no name provided> origin=null
                  value: GET_VAR 'value: kotlin.Any? declared in ke.don.shared_domain.modifier_extensions.ModifierExtensionsKt.pressSink-TDGSqEk.<no name provided>.create' type=kotlin.Any? origin=null
                RETURN type=kotlin.Nothing from='public final fun create (value: kotlin.Any?, $completion: kotlin.coroutines.Continuation<kotlin.Nothing>): kotlin.coroutines.Continuation<kotlin.Unit> declared in ke.don.shared_domain.modifier_extensions.ModifierExtensionsKt.pressSink-TDGSqEk.<no name provided>'
                  GET_VAR 'val tmp0_result: ke.don.shared_domain.modifier_extensions.ModifierExtensionsKt.pressSink-TDGSqEk.<no name provided> [val] declared in ke.don.shared_domain.modifier_extensions.ModifierExtensionsKt.pressSink-TDGSqEk.<no name provided>.create' type=ke.don.shared_domain.modifier_extensions.ModifierExtensionsKt.pressSink-TDGSqEk.<no name provided> origin=null
            FUN name:invoke visibility:public modality:FINAL <> ($this:ke.don.shared_domain.modifier_extensions.ModifierExtensionsKt.pressSink-TDGSqEk.<no name provided>, p1:androidx.compose.ui.input.pointer.PointerInputScope, p2:kotlin.coroutines.Continuation<kotlin.Unit>?) returnType:kotlin.Any?
              overridden:
                public abstract fun invoke (p1: P1 of kotlin.jvm.functions.Function2, p2: P2 of kotlin.jvm.functions.Function2): R of kotlin.jvm.functions.Function2 declared in kotlin.jvm.functions.Function2
              $this: VALUE_PARAMETER INSTANCE_RECEIVER name:<this> type:ke.don.shared_domain.modifier_extensions.ModifierExtensionsKt.pressSink-TDGSqEk.<no name provided>
              VALUE_PARAMETER name:p1 index:0 type:androidx.compose.ui.input.pointer.PointerInputScope
              VALUE_PARAMETER name:p2 index:1 type:kotlin.coroutines.Continuation<kotlin.Unit>?
              BLOCK_BODY
                RETURN type=kotlin.Nothing from='public final fun invoke (p1: androidx.compose.ui.input.pointer.PointerInputScope, p2: kotlin.coroutines.Continuation<kotlin.Unit>?): kotlin.Any? declared in ke.don.shared_domain.modifier_extensions.ModifierExtensionsKt.pressSink-TDGSqEk.<no name provided>'
                  CALL 'public final fun invokeSuspend ($result: kotlin.Result<kotlin.Any?>): kotlin.Any? declared in ke.don.shared_domain.modifier_extensions.ModifierExtensionsKt.pressSink-TDGSqEk.<no name provided>' type=kotlin.Any? origin=null
                    $this: TYPE_OP type=ke.don.shared_domain.modifier_extensions.ModifierExtensionsKt.pressSink-TDGSqEk.<no name provided> origin=IMPLICIT_CAST typeOperand=ke.don.shared_domain.modifier_extensions.ModifierExtensionsKt.pressSink-TDGSqEk.<no name provided>
                      CALL 'public final fun create (value: kotlin.Any?, $completion: kotlin.coroutines.Continuation<kotlin.Nothing>): kotlin.coroutines.Continuation<kotlin.Unit> declared in ke.don.shared_domain.modifier_extensions.ModifierExtensionsKt.pressSink-TDGSqEk.<no name provided>' type=kotlin.coroutines.Continuation<kotlin.Unit> origin=null
                        $this: GET_VAR '<this>: ke.don.shared_domain.modifier_extensions.ModifierExtensionsKt.pressSink-TDGSqEk.<no name provided> declared in ke.don.shared_domain.modifier_extensions.ModifierExtensionsKt.pressSink-TDGSqEk.<no name provided>.invoke' type=ke.don.shared_domain.modifier_extensions.ModifierExtensionsKt.pressSink-TDGSqEk.<no name provided> origin=null
                        value: GET_VAR 'p1: androidx.compose.ui.input.pointer.PointerInputScope declared in ke.don.shared_domain.modifier_extensions.ModifierExtensionsKt.pressSink-TDGSqEk.<no name provided>.invoke' type=androidx.compose.ui.input.pointer.PointerInputScope origin=null
                        $completion: GET_VAR 'p2: kotlin.coroutines.Continuation<kotlin.Unit>? declared in ke.don.shared_domain.modifier_extensions.ModifierExtensionsKt.pressSink-TDGSqEk.<no name provided>.invoke' type=kotlin.coroutines.Continuation<kotlin.Unit>? origin=null
                    $result: CALL 'public final fun <unsafe-coerce> <T, R> (v: T of kotlin.jvm.internal.<unsafe-coerce>): R of kotlin.jvm.internal.<unsafe-coerce> declared in kotlin.jvm.internal' type=kotlin.Result<kotlin.Any?> origin=null
                      <T>: kotlin.Any?
                      <R>: kotlin.Result<kotlin.Any?>
                      v: GET_FIELD 'FIELD FIELD_FOR_OBJECT_INSTANCE name:INSTANCE type:kotlin.Unit visibility:public [final,static]' type=kotlin.Unit origin=null
            FIELD FIELD_FOR_CAPTURED_VALUE name:$onClick type:kotlin.Function0<kotlin.Unit> visibility:public/*package*/ [final]
            FIELD FIELD_FOR_CAPTURED_VALUE name:$isPressed$delegate type:androidx.compose.runtime.MutableState<kotlin.Boolean> visibility:public/*package*/ [final]
            FUN BRIDGE name:invoke visibility:public modality:OPEN <> ($this:ke.don.shared_domain.modifier_extensions.ModifierExtensionsKt.pressSink-TDGSqEk.<no name provided>, p1:kotlin.Any?, p2:kotlin.Any?) returnType:kotlin.Any?
              $this: VALUE_PARAMETER INSTANCE_RECEIVER name:<this> type:ke.don.shared_domain.modifier_extensions.ModifierExtensionsKt.pressSink-TDGSqEk.<no name provided>
              VALUE_PARAMETER BRIDGE name:p1 index:0 type:kotlin.Any?
              VALUE_PARAMETER BRIDGE name:p2 index:1 type:kotlin.Any?
              EXPRESSION_BODY
                RETURN type=kotlin.Nothing from='public open fun invoke (p1: kotlin.Any?, p2: kotlin.Any?): kotlin.Any? declared in ke.don.shared_domain.modifier_extensions.ModifierExtensionsKt.pressSink-TDGSqEk.<no name provided>'
                  CALL 'public final fun invoke (p1: androidx.compose.ui.input.pointer.PointerInputScope, p2: kotlin.coroutines.Continuation<kotlin.Unit>?): kotlin.Any? declared in ke.don.shared_domain.modifier_extensions.ModifierExtensionsKt.pressSink-TDGSqEk.<no name provided>' type=kotlin.Any? origin=BRIDGE_DELEGATION
                    $this: GET_VAR '<this>: ke.don.shared_domain.modifier_extensions.ModifierExtensionsKt.pressSink-TDGSqEk.<no name provided> declared in ke.don.shared_domain.modifier_extensions.ModifierExtensionsKt.pressSink-TDGSqEk.<no name provided>.invoke' type=ke.don.shared_domain.modifier_extensions.ModifierExtensionsKt.pressSink-TDGSqEk.<no name provided> origin=null
                    p1: TYPE_OP type=androidx.compose.ui.input.pointer.PointerInputScope origin=IMPLICIT_CAST typeOperand=androidx.compose.ui.input.pointer.PointerInputScope
                      GET_VAR 'p1: kotlin.Any? declared in ke.don.shared_domain.modifier_extensions.ModifierExtensionsKt.pressSink-TDGSqEk.<no name provided>.invoke' type=kotlin.Any? origin=null
                    p2: TYPE_OP type=kotlin.coroutines.Continuation<*> origin=IMPLICIT_CAST typeOperand=kotlin.coroutines.Continuation<*>
                      GET_VAR 'p2: kotlin.Any? declared in ke.don.shared_domain.modifier_extensions.ModifierExtensionsKt.pressSink-TDGSqEk.<no name provided>.invoke' type=kotlin.Any? origin=null
          CONSTRUCTOR_CALL 'public/*package*/ constructor <init> ($onClick: kotlin.Function0<kotlin.Unit>, $isPressed$delegate: androidx.compose.runtime.MutableState<kotlin.Boolean>, $completion: kotlin.coroutines.Continuation<ke.don.shared_domain.modifier_extensions.ModifierExtensionsKt.pressSink-TDGSqEk.<no name provided>>?) [primary] declared in ke.don.shared_domain.modifier_extensions.ModifierExtensionsKt.pressSink-TDGSqEk.<no name provided>' type=ke.don.shared_domain.modifier_extensions.ModifierExtensionsKt.pressSink-TDGSqEk.<no name provided> origin=null
            $onClick: GET_VAR 'onClick: kotlin.Function0<kotlin.Unit> declared in ke.don.shared_domain.modifier_extensions.ModifierExtensionsKt.pressSink-TDGSqEk' type=kotlin.Function0<kotlin.Unit> origin=null
            $isPressed$delegate: GET_VAR 'val isPressed$delegate: androidx.compose.runtime.MutableState<kotlin.Boolean> [val] declared in ke.don.shared_domain.modifier_extensions.ModifierExtensionsKt.pressSink-TDGSqEk' type=androidx.compose.runtime.MutableState<kotlin.Boolean> origin=null
            $completion: CONST Null type=kotlin.Nothing? value=null

	at org.jetbrains.kotlin.backend.jvm.codegen.FunctionCodegen.generate(FunctionCodegen.kt:50)
	at org.jetbrains.kotlin.backend.jvm.codegen.FunctionCodegen.generate$default(FunctionCodegen.kt:42)
	at org.jetbrains.kotlin.backend.jvm.codegen.ClassCodegen.generateMethodNode(ClassCodegen.kt:385)
	at org.jetbrains.kotlin.backend.jvm.codegen.ClassCodegen.generateMethod(ClassCodegen.kt:402)
	at org.jetbrains.kotlin.backend.jvm.codegen.ClassCodegen.generate(ClassCodegen.kt:169)
	at org.jetbrains.kotlin.backend.jvm.FileCodegen.lower(JvmPhases.kt:41)
	at org.jetbrains.kotlin.backend.common.phaser.PhaseBuildersKt.makeIrFilePhase$lambda$5(PhaseBuilders.kt:114)
	at org.jetbrains.kotlin.backend.common.phaser.PhaseBuildersKt$createSimpleNamedCompilerPhase$1.phaseBody(PhaseBuilders.kt:71)
	at org.jetbrains.kotlin.backend.common.phaser.SimpleNamedCompilerPhase.phaseBody(CompilerPhase.kt:226)
	at org.jetbrains.kotlin.backend.common.phaser.AbstractNamedCompilerPhase.invoke(CompilerPhase.kt:113)
	at org.jetbrains.kotlin.backend.common.phaser.PerformByIrFilePhase.invokeSequential(performByIrFile.kt:62)
	... 44 more
Caused by: org.jetbrains.kotlin.codegen.CompilationException: Back-end (JVM) Internal error: Couldn't inline method call: CALL 'public final fun remember <T> (calculation: @[DisallowComposableCalls] kotlin.Function0<T of androidx.compose.runtime.ComposablesKt.remember>): T of androidx.compose.runtime.ComposablesKt.remember [inline] declared in androidx.compose.runtime.ComposablesKt' type=androidx.compose.runtime.MutableState<kotlin.Boolean> origin=null
Method: null
File is unknown
The root cause java.lang.IllegalStateException was thrown at: org.jetbrains.kotlin.codegen.inline.SourceCompilerForInlineKt.getMethodNode(SourceCompilerForInline.kt:118)
	at org.jetbrains.kotlin.codegen.inline.InlineCodegen.performInline(InlineCodegen.kt:65)
	at org.jetbrains.kotlin.backend.jvm.codegen.IrInlineCodegen.genInlineCall(IrInlineCodegen.kt:162)
	at org.jetbrains.kotlin.backend.jvm.codegen.IrInlineCallGenerator.genCall(IrInlineCallGenerator.kt:36)
	at org.jetbrains.kotlin.backend.jvm.codegen.ExpressionCodegen.visitCall(ExpressionCodegen.kt:647)
	at org.jetbrains.kotlin.backend.jvm.codegen.ExpressionCodegen.visitCall(ExpressionCodegen.kt:137)
	at org.jetbrains.kotlin.ir.expressions.IrCall.accept(IrCall.kt:24)
	at org.jetbrains.kotlin.backend.jvm.codegen.ExpressionCodegen.visitVariable(ExpressionCodegen.kt:784)
	at org.jetbrains.kotlin.backend.jvm.codegen.ExpressionCodegen.visitVariable(ExpressionCodegen.kt:137)
	at org.jetbrains.kotlin.ir.declarations.IrVariable.accept(IrVariable.kt:36)
	at org.jetbrains.kotlin.backend.jvm.codegen.ExpressionCodegen.visitStatementContainer(ExpressionCodegen.kt:573)
	at org.jetbrains.kotlin.backend.jvm.codegen.ExpressionCodegen.visitBlockBody(ExpressionCodegen.kt:578)
	at org.jetbrains.kotlin.backend.jvm.codegen.ExpressionCodegen.visitBlockBody(ExpressionCodegen.kt:137)
	at org.jetbrains.kotlin.ir.expressions.IrBlockBody.accept(IrBlockBody.kt:20)
	at org.jetbrains.kotlin.backend.jvm.codegen.ExpressionCodegen.generate(ExpressionCodegen.kt:239)
	at org.jetbrains.kotlin.backend.jvm.codegen.FunctionCodegen.doGenerate(FunctionCodegen.kt:121)
	at org.jetbrains.kotlin.backend.jvm.codegen.FunctionCodegen.generate(FunctionCodegen.kt:46)
	... 54 more
Caused by: java.lang.IllegalStateException: couldn't find inline method Landroidx/compose/runtime/ComposablesKt;.remember(Lkotlin/jvm/functions/Function0;)Ljava/lang/Object;
	at org.jetbrains.kotlin.codegen.inline.SourceCompilerForInlineKt.getMethodNode(SourceCompilerForInline.kt:118)
	at org.jetbrains.kotlin.codegen.inline.SourceCompilerForInlineKt.loadCompiledInlineFunction(SourceCompilerForInline.kt:96)
	at org.jetbrains.kotlin.backend.jvm.codegen.IrSourceCompilerForInline.compileInlineFunction(IrSourceCompilerForInline.kt:91)
	at org.jetbrains.kotlin.codegen.inline.InlineCodegen.compileInline(InlineCodegen.kt:43)
	at org.jetbrains.kotlin.codegen.inline.InlineCodegen.performInline(InlineCodegen.kt:51)
	... 69 more


